<?xml version="1.0" encoding="UTF-8"?>
<testsuite xmlns:xsi="http://www.w3.org/2001/XMLSchema-instance" xsi:noNamespaceSchemaLocation="https://maven.apache.org/surefire/maven-surefire-plugin/xsd/surefire-test-report-3.0.xsd" version="3.0" name="TestSuite" time="194.669" tests="108" errors="0" skipped="0" failures="0">
  <properties>
[...]
</properties>
  <testcase name="LoginAgency" classname="TestCases.Login" time="9.375">
    <system-err><![CDATA[SLF4J: Failed to load class "org.slf4j.impl.StaticLoggerBinder".
SLF4J: Defaulting to no-operation (NOP) logger implementation
SLF4J: See http://www.slf4j.org/codes.html#StaticLoggerBinder for further details.
Starting ChromeDriver 99.0.4844.51 (d537ec02474b5afe23684e7963d538896c63ac77-refs/branch-heads/4844@{#875}) on port 5364
Only local connections are allowed.
Please see https://chromedriver.chromium.org/security-considerations for suggestions on keeping ChromeDriver safe.
ChromeDriver was started successfully.
May 09, 2022 10:08:01 AM org.openqa.selenium.remote.ProtocolHandshake createSession
INFO: Detected dialect: W3C
]]></system-err>
  </testcase>
  <testcase name="TC_CCP_01" classname="TestCases.CCP" time="2.213"/>
  <testcase name="TC_CCP_02" classname="TestCases.CCP" time="0.028"/>
  <testcase name="TC_CCP_03" classname="TestCases.CCP" time="4.297"/>
  <testcase name="TC_CCP_04" classname="TestCases.CCP" time="4.958"/>
  <testcase name="TC_CCP_06" classname="TestCases.CCP" time="3.214"/>
  <testcase name="TC_CCP_07" classname="TestCases.CCP" time="2.124"/>
  <testcase name="TC_CCP_08" classname="TestCases.CCP" time="0.281"/>
  <testcase name="TC_CCP_09" classname="TestCases.CCP" time="1.569"/>
  <testcase name="TC_CCP_10" classname="TestCases.CCP" time="2.562"/>
  <testcase name="TC_CCP_11" classname="TestCases.CCP" time="3.229"/>
  <testcase name="TC_CCP_12" classname="TestCases.CCP" time="1.295"/>
  <testcase name="TC_CCP_13" classname="TestCases.CCP" time="2.333"/>
  <testcase name="TC_CCP_14" classname="TestCases.CCP" time="2.144"/>
  <testcase name="TC_CCP_15" classname="TestCases.CCP" time="2.268"/>
  <testcase name="TC_CCP_16" classname="TestCases.CCP" time="0.166"/>
  <testcase name="TC_CCP_17" classname="TestCases.CCP" time="1.038"/>
  <testcase name="TC_CCP_18" classname="TestCases.CCP" time="0.093"/>
  <testcase name="TC_CCP_19" classname="TestCases.CCP" time="0.146"/>
  <testcase name="TC_CCP_20" classname="TestCases.CCP" time="0.115"/>
  <testcase name="TC_CCP_21" classname="TestCases.CCP" time="0.326"/>
  <testcase name="TC_CCP_22" classname="TestCases.CCP" time="0.291"/>
  <testcase name="TC_CCP_23" classname="TestCases.CCP" time="0.218"/>
  <testcase name="TC_CCP_24" classname="TestCases.CCP" time="0.226"/>
  <testcase name="TC_CCP_25" classname="TestCases.CCP" time="0.413"/>
  <testcase name="TC_CCP_26" classname="TestCases.CCP" time="2.589"/>
  <testcase name="TC_CCP_27" classname="TestCases.CCP" time="0.025"/>
  <testcase name="TC_CCP_28" classname="TestCases.CCP" time="0.16"/>
  <testcase name="TC_CCP_29" classname="TestCases.CCP" time="5.133"/>
  <testcase name="TC_CCP_30" classname="TestCases.CCP" time="6.501">
    <system-out><![CDATA[Original path: Cat_11zon.jpg
Absolute path: /home/sqe/Downloads/ComcateRegressionSuite/Cat_11zon.jpg
]]></system-out>
  </testcase>
  <testcase name="TC_CCP_31" classname="TestCases.CCP" time="5.151"/>
  <testcase name="TC_CCP_32" classname="TestCases.CCP" time="1.196"/>
  <testcase name="TC_CCP_34" classname="TestCases.CCP" time="2.056"/>
  <testcase name="TC_CCP_35" classname="TestCases.CCP" time="4.179"/>
  <testcase name="TC_CCP_36" classname="TestCases.CCP" time="2.104"/>
  <testcase name="TC_CCP_37" classname="TestCases.CCP" time="2.906"/>
  <testcase name="TC_CCP_38" classname="TestCases.CCP" time="0.101"/>
  <testcase name="TC_CCP_39" classname="TestCases.CCP" time="2.117"/>
  <testcase name="TC_CCP_40" classname="TestCases.CCP" time="12.724"/>
  <testcase name="TC_CCP_42" classname="TestCases.CCP" time="1.825"/>
  <testcase name="TC_CCP_43" classname="TestCases.CCP" time="1.226"/>
  <testcase name="TC_CCP_44" classname="TestCases.CCP" time="1.039"/>
  <testcase name="TC_CCP_45" classname="TestCases.CCP" time="0.017"/>
  <testcase name="TC_CCP_46" classname="TestCases.CCP" time="0.162"/>
  <testcase name="TC_CCP_47" classname="TestCases.CCP" time="3.228"/>
  <testcase name="TC_CCP_48" classname="TestCases.CCP" time="2.126"/>
  <testcase name="TC_CCP_49" classname="TestCases.CCP" time="5.083"/>
  <testcase name="TC_CCP_50" classname="TestCases.CCP" time="3.089"/>
  <testcase name="TC_CCP_51" classname="TestCases.CCP" time="0.671"/>
  <testcase name="TC_CCP_52" classname="TestCases.CCP" time="5.579"/>
  <testcase name="TC_CCP_53" classname="TestCases.CCP" time="1.173"/>
  <testcase name="TC_CCP_54" classname="TestCases.CCP" time="0.482"/>
  <testcase name="TC_CCP_55" classname="TestCases.CCP" time="3.598"/>
  <testcase name="TC_CCP_56" classname="TestCases.CCP" time="2.042"/>
  <testcase name="TC_CCP_57" classname="TestCases.CCP" time="0.191"/>
  <testcase name="TC_CCP_58" classname="TestCases.CCP" time="0.025"/>
  <testcase name="TC_CCP_59" classname="TestCases.CCP" time="2.129"/>
  <testcase name="TC_CCP_60" classname="TestCases.CCP" time="0.025"/>
  <testcase name="TC_CCP_61" classname="TestCases.CCP" time="2.65"/>
  <testcase name="PreRequisiteContacts" classname="TestCases.PerformInspection" time="1.022"/>
  <testcase name="TC_PIP_01" classname="TestCases.PerformInspection" time="1.695"/>
  <testcase name="TC_PIP_02" classname="TestCases.PerformInspection" time="0.134"/>
  <testcase name="TC_PIP_03" classname="TestCases.PerformInspection" time="1.043"/>
  <testcase name="TC_PIP_04" classname="TestCases.PerformInspection" time="0.193"/>
  <testcase name="TC_PIP_05" classname="TestCases.PerformInspection" time="0.033"/>
  <testcase name="TC_PIP_06" classname="TestCases.PerformInspection" time="0.098"/>
  <testcase name="TC_PIP_07" classname="TestCases.PerformInspection" time="1.185"/>
  <testcase name="TC_PIP_08" classname="TestCases.PerformInspection" time="0.116"/>
  <testcase name="TC_PIP_09" classname="TestCases.PerformInspection" time="0.155"/>
  <testcase name="TC_PIP_10" classname="TestCases.PerformInspection" time="0.107"/>
  <testcase name="TC_PIP_11" classname="TestCases.PerformInspection" time="2.1"/>
  <testcase name="TC_PIP_12" classname="TestCases.PerformInspection" time="1.107"/>
  <testcase name="TC_PIP_13" classname="TestCases.PerformInspection" time="0.311"/>
  <testcase name="TC_PIP_14" classname="TestCases.PerformInspection" time="0.025"/>
  <testcase name="TC_PIP_15" classname="TestCases.PerformInspection" time="0.028"/>
  <testcase name="TC_PIP_16" classname="TestCases.PerformInspection" time="3.111"/>
  <testcase name="TC_PIP_17" classname="TestCases.PerformInspection" time="0.177"/>
  <testcase name="TC_PIP_18" classname="TestCases.PerformInspection" time="6.455"/>
  <testcase name="TC_PIP_19" classname="TestCases.PerformInspection" time="1.162"/>
  <testcase name="TC_PIP_20" classname="TestCases.PerformInspection" time="0.054"/>
  <testcase name="TC_PIP_21" classname="TestCases.PerformInspection" time="3.572"/>
  <testcase name="TC_PIP_22" classname="TestCases.PerformInspection" time="0.031"/>
  <testcase name="TC_PIP_23" classname="TestCases.PerformInspection" time="0.163"/>
  <testcase name="TC_PIP_24" classname="TestCases.PerformInspection" time="1.127"/>
  <testcase name="TC_PIP_25" classname="TestCases.PerformInspection" time="0.151"/>
  <testcase name="TC_PIP_26" classname="TestCases.PerformInspection" time="0.252"/>
  <testcase name="TC_PIP_27" classname="TestCases.PerformInspection" time="2.132"/>
  <testcase name="TC_PIP_28" classname="TestCases.PerformInspection" time="0.101"/>
  <testcase name="TC_PIP_29" classname="TestCases.PerformInspection" time="2.301"/>
  <testcase name="TC_PIP_30" classname="TestCases.PerformInspection" time="0.289"/>
  <testcase name="TC_PIP_33" classname="TestCases.PerformInspection" time="0.222"/>
  <testcase name="TC_PIP_34" classname="TestCases.PerformInspection" time="0.023"/>
  <testcase name="TC_PIP_35" classname="TestCases.PerformInspection" time="0.254"/>
  <testcase name="TC_PIP_36" classname="TestCases.PerformInspection" time="0.13"/>
  <testcase name="TC_PIP_37" classname="TestCases.PerformInspection" time="0.03"/>
  <testcase name="TC_PIP_38" classname="TestCases.PerformInspection" time="0.705"/>
  <testcase name="TC_PIP_39" classname="TestCases.PerformInspection" time="2.087"/>
  <testcase name="TC_PIP_40" classname="TestCases.PerformInspection" time="0.025"/>
  <testcase name="TC_PIP_41" classname="TestCases.PerformInspection" time="0.652"/>
  <testcase name="TC_PIP_42" classname="TestCases.PerformInspection" time="2.104"/>
  <testcase name="TC_PIP_43" classname="TestCases.PerformInspection" time="1.175"/>
  <testcase name="TC_PIP_44" classname="TestCases.PerformInspection" time="3.097"/>
  <testcase name="TC_PIP_45" classname="TestCases.PerformInspection" time="4.375"/>
  <testcase name="TC_PIP_46" classname="TestCases.PerformInspection" time="0.024"/>
  <testcase name="TC_PIP_47" classname="TestCases.PerformInspection" time="0.102"/>
  <testcase name="TC_PIP_48" classname="TestCases.PerformInspection" time="0.14"/>
  <testcase name="TC_PIP_49" classname="TestCases.PerformInspection" time="2.082"/>
  <testcase name="TC_PIP_50" classname="TestCases.PerformInspection" time="2.187"/>
</testsuite>