<?xml version="1.0" encoding="UTF-8"?>
<testng-results ignored="67" total="176" passed="108" failed="1" skipped="0">
  <reporter-output>
  </reporter-output>
  <suite started-at="2022-05-09T10:08:04 IST" name="Suite" finished-at="2022-05-09T10:11:14 IST" duration-ms="189541">
    <groups>
    </groups>
    <test started-at="2022-05-09T10:08:04 IST" name="Test" finished-at="2022-05-09T10:11:14 IST" duration-ms="189541">
      <class name="TestCases.Login">
        <test-method is-config="true" signature="SetProp()[pri:0, instance:TestCases.Login@4b2bac3f]" started-at="2022-05-09T10:08:00 IST" name="SetProp" finished-at="2022-05-09T10:08:04 IST" duration-ms="4185" status="PASS">
          <reporter-output>
          </reporter-output>
        </test-method> <!-- SetProp -->
        <test-method is-config="true" signature="setExtent()[pri:0, instance:TestCases.Login@4b2bac3f]" started-at="2022-05-09T10:08:04 IST" name="setExtent" finished-at="2022-05-09T10:08:04 IST" depends-on-methods="BrowsersBase.BrowsersInvoked.SetProp" duration-ms="54" status="PASS">
          <reporter-output>
          </reporter-output>
        </test-method> <!-- setExtent -->
        <test-method signature="LoginAgency()[pri:0, instance:TestCases.Login@4b2bac3f]" started-at="2022-05-09T10:08:04 IST" name="LoginAgency" finished-at="2022-05-09T10:08:14 IST" duration-ms="9374" status="PASS">
          <reporter-output>
          </reporter-output>
        </test-method> <!-- LoginAgency -->
        <test-method is-config="true" signature="tearDown(org.testng.ITestResult)[pri:0, instance:TestCases.Login@4b2bac3f]" started-at="2022-05-09T10:08:14 IST" name="tearDown" finished-at="2022-05-09T10:08:14 IST" duration-ms="2" status="PASS">
          <params>
            <param index="0">
              <value>
                <![CDATA[[TestResult name=LoginAgency status=SUCCESS method=Login.LoginAgency()[pri:0, instance:TestCases.Login@4b2bac3f] output={null}]]]>
              </value>
            </param>
          </params>
          <reporter-output>
          </reporter-output>
        </test-method> <!-- tearDown -->
        <test-method is-config="true" signature="endReport()[pri:0, instance:TestCases.Login@4b2bac3f]" started-at="2022-05-09T10:11:14 IST" name="endReport" finished-at="2022-05-09T10:11:14 IST" duration-ms="200" status="PASS">
          <reporter-output>
          </reporter-output>
        </test-method> <!-- endReport -->
        <test-method is-config="true" signature="toClose()[pri:0, instance:TestCases.Login@4b2bac3f]" started-at="2022-05-09T10:11:14 IST" name="toClose" finished-at="2022-05-09T10:11:14 IST" depends-on-methods="ExtentReport.ExtentReportClass.endReport" duration-ms="64" status="PASS">
          <reporter-output>
          </reporter-output>
        </test-method> <!-- toClose -->
      </class> <!-- TestCases.Login -->
      <class name="TestCases.CCP">
        <test-method signature="PreRequisite()[pri:1, instance:TestCases.CCP@49438269]" started-at="2022-05-09T10:08:14 IST" name="PreRequisite" finished-at="2022-05-09T10:08:25 IST" duration-ms="11195" status="FAIL">
          <exception class="org.openqa.selenium.WebDriverException">
            <message>
              <![CDATA[element click intercepted: Element <a class="app-header__new" url="/agencies/659
        /products/cases/create" label="Code Enforcement Case"></a> is not clickable at point (1572, 40). Other element would receive the click: <div class="modal-header">...</div>
  (Session info: chrome=99.0.4844.84)
Build info: version: '3.5.3', revision: 'a88d25fe6b', time: '2017-08-29T12:42:44.417Z'
System info: host: 'sqe-IdeaPad-5-15ITL05', ip: '127.0.1.1', os.name: 'Linux', os.arch: 'amd64', os.version: '5.13.0-40-generic', java.version: '11.0.15'
Driver info: org.openqa.selenium.chrome.ChromeDriver
Capabilities [{networkConnectionEnabled=false, chrome={chromedriverVersion=99.0.4844.51 (d537ec02474b5afe23684e7963d538896c63ac77-refs/branch-heads/4844@{#875}), userDataDir=/tmp/.com.google.Chrome.OvL37X}, timeouts={implicit=0, pageLoad=300000, script=30000}, pageLoadStrategy=normal, unhandledPromptBehavior=dismiss and notify, strictFileInteractability=false, platform=LINUX, proxy=Proxy(), goog:chromeOptions={debuggerAddress=localhost:34575}, webauthn:extension:credBlob=true, acceptInsecureCerts=false, browserVersion=99.0.4844.84, browserName=chrome, javascriptEnabled=true, platformName=LINUX, setWindowRect=true, webauthn:extension:largeBlob=true, webauthn:virtualAuthenticators=true}]
Session ID: d0efc9a852ce5b3eccdbd74ceacdc801]]>
            </message>
            <full-stacktrace>
              <![CDATA[org.openqa.selenium.WebDriverException: element click intercepted: Element <a class="app-header__new" url="/agencies/659
        /products/cases/create" label="Code Enforcement Case"></a> is not clickable at point (1572, 40). Other element would receive the click: <div class="modal-header">...</div>
  (Session info: chrome=99.0.4844.84)
Build info: version: '3.5.3', revision: 'a88d25fe6b', time: '2017-08-29T12:42:44.417Z'
System info: host: 'sqe-IdeaPad-5-15ITL05', ip: '127.0.1.1', os.name: 'Linux', os.arch: 'amd64', os.version: '5.13.0-40-generic', java.version: '11.0.15'
Driver info: org.openqa.selenium.chrome.ChromeDriver
Capabilities [{networkConnectionEnabled=false, chrome={chromedriverVersion=99.0.4844.51 (d537ec02474b5afe23684e7963d538896c63ac77-refs/branch-heads/4844@{#875}), userDataDir=/tmp/.com.google.Chrome.OvL37X}, timeouts={implicit=0, pageLoad=300000, script=30000}, pageLoadStrategy=normal, unhandledPromptBehavior=dismiss and notify, strictFileInteractability=false, platform=LINUX, proxy=Proxy(), goog:chromeOptions={debuggerAddress=localhost:34575}, webauthn:extension:credBlob=true, acceptInsecureCerts=false, browserVersion=99.0.4844.84, browserName=chrome, javascriptEnabled=true, platformName=LINUX, setWindowRect=true, webauthn:extension:largeBlob=true, webauthn:virtualAuthenticators=true}]
Session ID: d0efc9a852ce5b3eccdbd74ceacdc801
at java.base/jdk.internal.reflect.NativeConstructorAccessorImpl.newInstance0(Native Method)
at java.base/jdk.internal.reflect.NativeConstructorAccessorImpl.newInstance(NativeConstructorAccessorImpl.java:62)
at java.base/jdk.internal.reflect.DelegatingConstructorAccessorImpl.newInstance(DelegatingConstructorAccessorImpl.java:45)
at java.base/java.lang.reflect.Constructor.newInstance(Constructor.java:490)
at org.openqa.selenium.remote.http.W3CHttpResponseCodec.createException(W3CHttpResponseCodec.java:185)
at org.openqa.selenium.remote.http.W3CHttpResponseCodec.decode(W3CHttpResponseCodec.java:120)
at org.openqa.selenium.remote.http.W3CHttpResponseCodec.decode(W3CHttpResponseCodec.java:49)
at org.openqa.selenium.remote.HttpCommandExecutor.execute(HttpCommandExecutor.java:164)
at org.openqa.selenium.remote.service.DriverCommandExecutor.execute(DriverCommandExecutor.java:82)
at org.openqa.selenium.remote.RemoteWebDriver.execute(RemoteWebDriver.java:646)
at org.openqa.selenium.remote.RemoteWebElement.execute(RemoteWebElement.java:275)
at org.openqa.selenium.remote.RemoteWebElement.click(RemoteWebElement.java:82)
at CommonMethods.WebDriverWaits.ClickOnWE20(WebDriverWaits.java:52)
at TestCases.CCP.PreRequisite(CCP.java:156)
at java.base/jdk.internal.reflect.NativeMethodAccessorImpl.invoke0(Native Method)
at java.base/jdk.internal.reflect.NativeMethodAccessorImpl.invoke(NativeMethodAccessorImpl.java:62)
at java.base/jdk.internal.reflect.DelegatingMethodAccessorImpl.invoke(DelegatingMethodAccessorImpl.java:43)
at java.base/java.lang.reflect.Method.invoke(Method.java:566)
at org.testng.internal.invokers.MethodInvocationHelper.invokeMethod(MethodInvocationHelper.java:135)
at org.testng.internal.invokers.TestInvoker.invokeMethod(TestInvoker.java:673)
at org.testng.internal.invokers.TestInvoker.invokeTestMethod(TestInvoker.java:220)
at org.testng.internal.invokers.MethodRunner.runInSequence(MethodRunner.java:50)
at org.testng.internal.invokers.TestInvoker$MethodInvocationAgent.invoke(TestInvoker.java:945)
at org.testng.internal.invokers.TestInvoker.invokeTestMethods(TestInvoker.java:193)
at org.testng.internal.invokers.TestMethodWorker.invokeTestMethods(TestMethodWorker.java:146)
at org.testng.internal.invokers.TestMethodWorker.run(TestMethodWorker.java:128)
at java.base/java.util.ArrayList.forEach(ArrayList.java:1541)
at org.testng.TestRunner.privateRun(TestRunner.java:808)
at org.testng.TestRunner.run(TestRunner.java:603)
at org.testng.SuiteRunner.runTest(SuiteRunner.java:429)
at org.testng.SuiteRunner.runSequentially(SuiteRunner.java:423)
at org.testng.SuiteRunner.privateRun(SuiteRunner.java:383)
at org.testng.SuiteRunner.run(SuiteRunner.java:326)
at org.testng.SuiteRunnerWorker.runSuite(SuiteRunnerWorker.java:52)
at org.testng.SuiteRunnerWorker.run(SuiteRunnerWorker.java:95)
at org.testng.TestNG.runSuitesSequentially(TestNG.java:1249)
at org.testng.TestNG.runSuitesLocally(TestNG.java:1169)
at org.testng.TestNG.runSuites(TestNG.java:1092)
at org.testng.TestNG.run(TestNG.java:1060)
at org.apache.maven.surefire.testng.TestNGExecutor.run(TestNGExecutor.java:324)
at org.apache.maven.surefire.testng.TestNGXmlTestSuite.execute(TestNGXmlTestSuite.java:74)
at org.apache.maven.surefire.testng.TestNGProvider.invoke(TestNGProvider.java:123)
at org.apache.maven.surefire.booter.ForkedBooter.runSuitesInProcess(ForkedBooter.java:456)
at org.apache.maven.surefire.booter.ForkedBooter.execute(ForkedBooter.java:169)
at org.apache.maven.surefire.booter.ForkedBooter.run(ForkedBooter.java:595)
at org.apache.maven.surefire.booter.ForkedBooter.main(ForkedBooter.java:581)
]]>
            </full-stacktrace>
          </exception> <!-- org.openqa.selenium.WebDriverException -->
          <reporter-output>
          </reporter-output>
        </test-method> <!-- PreRequisite -->
        <test-method is-config="true" signature="tearDown(org.testng.ITestResult)[pri:0, instance:TestCases.CCP@49438269]" started-at="2022-05-09T10:08:25 IST" name="tearDown" finished-at="2022-05-09T10:08:25 IST" duration-ms="171" status="PASS">
          <params>
            <param index="0">
              <value>
                <![CDATA[[TestResult name=PreRequisite status=FAILURE method=CCP.PreRequisite()[pri:1, instance:TestCases.CCP@49438269] output={null}]]]>
              </value>
            </param>
          </params>
          <reporter-output>
          </reporter-output>
        </test-method> <!-- tearDown -->
        <test-method signature="TC_CCP_01()[pri:2, instance:TestCases.CCP@49438269]" started-at="2022-05-09T10:08:25 IST" name="TC_CCP_01" finished-at="2022-05-09T10:08:27 IST" duration-ms="2214" status="PASS">
          <reporter-output>
          </reporter-output>
        </test-method> <!-- TC_CCP_01 -->
        <test-method is-config="true" signature="tearDown(org.testng.ITestResult)[pri:0, instance:TestCases.CCP@49438269]" started-at="2022-05-09T10:08:27 IST" name="tearDown" finished-at="2022-05-09T10:08:27 IST" duration-ms="0" status="PASS">
          <params>
            <param index="0">
              <value>
                <![CDATA[[TestResult name=TC_CCP_01 status=SUCCESS method=CCP.TC_CCP_01()[pri:2, instance:TestCases.CCP@49438269] output={null}]]]>
              </value>
            </param>
          </params>
          <reporter-output>
          </reporter-output>
        </test-method> <!-- tearDown -->
        <test-method signature="TC_CCP_02()[pri:3, instance:TestCases.CCP@49438269]" started-at="2022-05-09T10:08:27 IST" name="TC_CCP_02" finished-at="2022-05-09T10:08:27 IST" duration-ms="28" status="PASS">
          <reporter-output>
          </reporter-output>
        </test-method> <!-- TC_CCP_02 -->
        <test-method is-config="true" signature="tearDown(org.testng.ITestResult)[pri:0, instance:TestCases.CCP@49438269]" started-at="2022-05-09T10:08:27 IST" name="tearDown" finished-at="2022-05-09T10:08:27 IST" duration-ms="0" status="PASS">
          <params>
            <param index="0">
              <value>
                <![CDATA[[TestResult name=TC_CCP_02 status=SUCCESS method=CCP.TC_CCP_02()[pri:3, instance:TestCases.CCP@49438269] output={null}]]]>
              </value>
            </param>
          </params>
          <reporter-output>
          </reporter-output>
        </test-method> <!-- tearDown -->
        <test-method signature="TC_CCP_03()[pri:4, instance:TestCases.CCP@49438269]" started-at="2022-05-09T10:08:27 IST" name="TC_CCP_03" finished-at="2022-05-09T10:08:32 IST" duration-ms="4296" status="PASS">
          <reporter-output>
          </reporter-output>
        </test-method> <!-- TC_CCP_03 -->
        <test-method is-config="true" signature="tearDown(org.testng.ITestResult)[pri:0, instance:TestCases.CCP@49438269]" started-at="2022-05-09T10:08:32 IST" name="tearDown" finished-at="2022-05-09T10:08:32 IST" duration-ms="0" status="PASS">
          <params>
            <param index="0">
              <value>
                <![CDATA[[TestResult name=TC_CCP_03 status=SUCCESS method=CCP.TC_CCP_03()[pri:4, instance:TestCases.CCP@49438269] output={null}]]]>
              </value>
            </param>
          </params>
          <reporter-output>
          </reporter-output>
        </test-method> <!-- tearDown -->
        <test-method signature="TC_CCP_04()[pri:5, instance:TestCases.CCP@49438269]" started-at="2022-05-09T10:08:32 IST" name="TC_CCP_04" finished-at="2022-05-09T10:08:37 IST" duration-ms="4957" status="PASS">
          <reporter-output>
          </reporter-output>
        </test-method> <!-- TC_CCP_04 -->
        <test-method is-config="true" signature="tearDown(org.testng.ITestResult)[pri:0, instance:TestCases.CCP@49438269]" started-at="2022-05-09T10:08:37 IST" name="tearDown" finished-at="2022-05-09T10:08:37 IST" duration-ms="0" status="PASS">
          <params>
            <param index="0">
              <value>
                <![CDATA[[TestResult name=TC_CCP_04 status=SUCCESS method=CCP.TC_CCP_04()[pri:5, instance:TestCases.CCP@49438269] output={null}]]]>
              </value>
            </param>
          </params>
          <reporter-output>
          </reporter-output>
        </test-method> <!-- tearDown -->
        <test-method signature="TC_CCP_06()[pri:7, instance:TestCases.CCP@49438269]" started-at="2022-05-09T10:08:37 IST" name="TC_CCP_06" finished-at="2022-05-09T10:08:40 IST" duration-ms="3215" status="PASS">
          <reporter-output>
          </reporter-output>
        </test-method> <!-- TC_CCP_06 -->
        <test-method is-config="true" signature="tearDown(org.testng.ITestResult)[pri:0, instance:TestCases.CCP@49438269]" started-at="2022-05-09T10:08:40 IST" name="tearDown" finished-at="2022-05-09T10:08:40 IST" duration-ms="0" status="PASS">
          <params>
            <param index="0">
              <value>
                <![CDATA[[TestResult name=TC_CCP_06 status=SUCCESS method=CCP.TC_CCP_06()[pri:7, instance:TestCases.CCP@49438269] output={null}]]]>
              </value>
            </param>
          </params>
          <reporter-output>
          </reporter-output>
        </test-method> <!-- tearDown -->
        <test-method signature="TC_CCP_07()[pri:8, instance:TestCases.CCP@49438269]" started-at="2022-05-09T10:08:40 IST" name="TC_CCP_07" finished-at="2022-05-09T10:08:42 IST" duration-ms="2123" status="PASS">
          <reporter-output>
          </reporter-output>
        </test-method> <!-- TC_CCP_07 -->
        <test-method signature="TC_CCP_08()[pri:9, instance:TestCases.CCP@49438269]" started-at="2022-05-09T10:08:42 IST" name="TC_CCP_08" finished-at="2022-05-09T10:08:42 IST" duration-ms="282" status="PASS">
          <reporter-output>
          </reporter-output>
        </test-method> <!-- TC_CCP_08 -->
        <test-method is-config="true" signature="tearDown(org.testng.ITestResult)[pri:0, instance:TestCases.CCP@49438269]" started-at="2022-05-09T10:08:42 IST" name="tearDown" finished-at="2022-05-09T10:08:42 IST" duration-ms="0" status="PASS">
          <params>
            <param index="0">
              <value>
                <![CDATA[[TestResult name=TC_CCP_07 status=SUCCESS method=CCP.TC_CCP_07()[pri:8, instance:TestCases.CCP@49438269] output={null}]]]>
              </value>
            </param>
          </params>
          <reporter-output>
          </reporter-output>
        </test-method> <!-- tearDown -->
        <test-method is-config="true" signature="tearDown(org.testng.ITestResult)[pri:0, instance:TestCases.CCP@49438269]" started-at="2022-05-09T10:08:42 IST" name="tearDown" finished-at="2022-05-09T10:08:42 IST" duration-ms="1" status="PASS">
          <params>
            <param index="0">
              <value>
                <![CDATA[[TestResult name=TC_CCP_08 status=SUCCESS method=CCP.TC_CCP_08()[pri:9, instance:TestCases.CCP@49438269] output={null}]]]>
              </value>
            </param>
          </params>
          <reporter-output>
          </reporter-output>
        </test-method> <!-- tearDown -->
        <test-method signature="TC_CCP_09()[pri:10, instance:TestCases.CCP@49438269]" started-at="2022-05-09T10:08:42 IST" name="TC_CCP_09" finished-at="2022-05-09T10:08:44 IST" duration-ms="1569" status="PASS">
          <reporter-output>
          </reporter-output>
        </test-method> <!-- TC_CCP_09 -->
        <test-method is-config="true" signature="tearDown(org.testng.ITestResult)[pri:0, instance:TestCases.CCP@49438269]" started-at="2022-05-09T10:08:44 IST" name="tearDown" finished-at="2022-05-09T10:08:44 IST" duration-ms="0" status="PASS">
          <params>
            <param index="0">
              <value>
                <![CDATA[[TestResult name=TC_CCP_09 status=SUCCESS method=CCP.TC_CCP_09()[pri:10, instance:TestCases.CCP@49438269] output={null}]]]>
              </value>
            </param>
          </params>
          <reporter-output>
          </reporter-output>
        </test-method> <!-- tearDown -->
        <test-method signature="TC_CCP_10()[pri:11, instance:TestCases.CCP@49438269]" started-at="2022-05-09T10:08:44 IST" name="TC_CCP_10" finished-at="2022-05-09T10:08:46 IST" duration-ms="2562" status="PASS">
          <reporter-output>
          </reporter-output>
        </test-method> <!-- TC_CCP_10 -->
        <test-method is-config="true" signature="tearDown(org.testng.ITestResult)[pri:0, instance:TestCases.CCP@49438269]" started-at="2022-05-09T10:08:46 IST" name="tearDown" finished-at="2022-05-09T10:08:46 IST" duration-ms="1" status="PASS">
          <params>
            <param index="0">
              <value>
                <![CDATA[[TestResult name=TC_CCP_10 status=SUCCESS method=CCP.TC_CCP_10()[pri:11, instance:TestCases.CCP@49438269] output={null}]]]>
              </value>
            </param>
          </params>
          <reporter-output>
          </reporter-output>
        </test-method> <!-- tearDown -->
        <test-method signature="TC_CCP_11()[pri:12, instance:TestCases.CCP@49438269]" started-at="2022-05-09T10:08:46 IST" name="TC_CCP_11" finished-at="2022-05-09T10:08:50 IST" duration-ms="3230" status="PASS">
          <reporter-output>
          </reporter-output>
        </test-method> <!-- TC_CCP_11 -->
        <test-method signature="TC_CCP_12()[pri:13, instance:TestCases.CCP@49438269]" started-at="2022-05-09T10:08:50 IST" name="TC_CCP_12" finished-at="2022-05-09T10:08:51 IST" duration-ms="1296" status="PASS">
          <reporter-output>
          </reporter-output>
        </test-method> <!-- TC_CCP_12 -->
        <test-method is-config="true" signature="tearDown(org.testng.ITestResult)[pri:0, instance:TestCases.CCP@49438269]" started-at="2022-05-09T10:08:50 IST" name="tearDown" finished-at="2022-05-09T10:08:50 IST" duration-ms="0" status="PASS">
          <params>
            <param index="0">
              <value>
                <![CDATA[[TestResult name=TC_CCP_11 status=SUCCESS method=CCP.TC_CCP_11()[pri:12, instance:TestCases.CCP@49438269] output={null}]]]>
              </value>
            </param>
          </params>
          <reporter-output>
          </reporter-output>
        </test-method> <!-- tearDown -->
        <test-method is-config="true" signature="tearDown(org.testng.ITestResult)[pri:0, instance:TestCases.CCP@49438269]" started-at="2022-05-09T10:08:51 IST" name="tearDown" finished-at="2022-05-09T10:08:51 IST" duration-ms="0" status="PASS">
          <params>
            <param index="0">
              <value>
                <![CDATA[[TestResult name=TC_CCP_12 status=SUCCESS method=CCP.TC_CCP_12()[pri:13, instance:TestCases.CCP@49438269] output={null}]]]>
              </value>
            </param>
          </params>
          <reporter-output>
          </reporter-output>
        </test-method> <!-- tearDown -->
        <test-method signature="TC_CCP_13()[pri:14, instance:TestCases.CCP@49438269]" started-at="2022-05-09T10:08:51 IST" name="TC_CCP_13" finished-at="2022-05-09T10:08:53 IST" duration-ms="2333" status="PASS">
          <reporter-output>
          </reporter-output>
        </test-method> <!-- TC_CCP_13 -->
        <test-method is-config="true" signature="tearDown(org.testng.ITestResult)[pri:0, instance:TestCases.CCP@49438269]" started-at="2022-05-09T10:08:53 IST" name="tearDown" finished-at="2022-05-09T10:08:53 IST" duration-ms="0" status="PASS">
          <params>
            <param index="0">
              <value>
                <![CDATA[[TestResult name=TC_CCP_13 status=SUCCESS method=CCP.TC_CCP_13()[pri:14, instance:TestCases.CCP@49438269] output={null}]]]>
              </value>
            </param>
          </params>
          <reporter-output>
          </reporter-output>
        </test-method> <!-- tearDown -->
        <test-method signature="TC_CCP_14()[pri:15, instance:TestCases.CCP@49438269]" started-at="2022-05-09T10:08:53 IST" name="TC_CCP_14" finished-at="2022-05-09T10:08:55 IST" duration-ms="2144" status="PASS">
          <reporter-output>
          </reporter-output>
        </test-method> <!-- TC_CCP_14 -->
        <test-method is-config="true" signature="tearDown(org.testng.ITestResult)[pri:0, instance:TestCases.CCP@49438269]" started-at="2022-05-09T10:08:55 IST" name="tearDown" finished-at="2022-05-09T10:08:55 IST" duration-ms="0" status="PASS">
          <params>
            <param index="0">
              <value>
                <![CDATA[[TestResult name=TC_CCP_14 status=SUCCESS method=CCP.TC_CCP_14()[pri:15, instance:TestCases.CCP@49438269] output={null}]]]>
              </value>
            </param>
          </params>
          <reporter-output>
          </reporter-output>
        </test-method> <!-- tearDown -->
        <test-method signature="TC_CCP_15()[pri:16, instance:TestCases.CCP@49438269]" started-at="2022-05-09T10:08:55 IST" name="TC_CCP_15" finished-at="2022-05-09T10:08:58 IST" duration-ms="2268" status="PASS">
          <reporter-output>
          </reporter-output>
        </test-method> <!-- TC_CCP_15 -->
        <test-method is-config="true" signature="tearDown(org.testng.ITestResult)[pri:0, instance:TestCases.CCP@49438269]" started-at="2022-05-09T10:08:58 IST" name="tearDown" finished-at="2022-05-09T10:08:58 IST" duration-ms="0" status="PASS">
          <params>
            <param index="0">
              <value>
                <![CDATA[[TestResult name=TC_CCP_15 status=SUCCESS method=CCP.TC_CCP_15()[pri:16, instance:TestCases.CCP@49438269] output={null}]]]>
              </value>
            </param>
          </params>
          <reporter-output>
          </reporter-output>
        </test-method> <!-- tearDown -->
        <test-method signature="TC_CCP_16()[pri:17, instance:TestCases.CCP@49438269]" started-at="2022-05-09T10:08:58 IST" name="TC_CCP_16" finished-at="2022-05-09T10:08:58 IST" duration-ms="166" status="PASS">
          <reporter-output>
          </reporter-output>
        </test-method> <!-- TC_CCP_16 -->
        <test-method signature="TC_CCP_17()[pri:18, instance:TestCases.CCP@49438269]" started-at="2022-05-09T10:08:58 IST" name="TC_CCP_17" finished-at="2022-05-09T10:08:59 IST" duration-ms="1039" status="PASS">
          <reporter-output>
          </reporter-output>
        </test-method> <!-- TC_CCP_17 -->
        <test-method is-config="true" signature="tearDown(org.testng.ITestResult)[pri:0, instance:TestCases.CCP@49438269]" started-at="2022-05-09T10:08:58 IST" name="tearDown" finished-at="2022-05-09T10:08:58 IST" duration-ms="0" status="PASS">
          <params>
            <param index="0">
              <value>
                <![CDATA[[TestResult name=TC_CCP_16 status=SUCCESS method=CCP.TC_CCP_16()[pri:17, instance:TestCases.CCP@49438269] output={null}]]]>
              </value>
            </param>
          </params>
          <reporter-output>
          </reporter-output>
        </test-method> <!-- tearDown -->
        <test-method is-config="true" signature="tearDown(org.testng.ITestResult)[pri:0, instance:TestCases.CCP@49438269]" started-at="2022-05-09T10:08:59 IST" name="tearDown" finished-at="2022-05-09T10:08:59 IST" duration-ms="0" status="PASS">
          <params>
            <param index="0">
              <value>
                <![CDATA[[TestResult name=TC_CCP_17 status=SUCCESS method=CCP.TC_CCP_17()[pri:18, instance:TestCases.CCP@49438269] output={null}]]]>
              </value>
            </param>
          </params>
          <reporter-output>
          </reporter-output>
        </test-method> <!-- tearDown -->
        <test-method signature="TC_CCP_18()[pri:19, instance:TestCases.CCP@49438269]" started-at="2022-05-09T10:08:59 IST" name="TC_CCP_18" finished-at="2022-05-09T10:08:59 IST" duration-ms="92" status="PASS">
          <reporter-output>
          </reporter-output>
        </test-method> <!-- TC_CCP_18 -->
        <test-method is-config="true" signature="tearDown(org.testng.ITestResult)[pri:0, instance:TestCases.CCP@49438269]" started-at="2022-05-09T10:08:59 IST" name="tearDown" finished-at="2022-05-09T10:08:59 IST" duration-ms="0" status="PASS">
          <params>
            <param index="0">
              <value>
                <![CDATA[[TestResult name=TC_CCP_18 status=SUCCESS method=CCP.TC_CCP_18()[pri:19, instance:TestCases.CCP@49438269] output={null}]]]>
              </value>
            </param>
          </params>
          <reporter-output>
          </reporter-output>
        </test-method> <!-- tearDown -->
        <test-method signature="TC_CCP_19()[pri:20, instance:TestCases.CCP@49438269]" started-at="2022-05-09T10:08:59 IST" name="TC_CCP_19" finished-at="2022-05-09T10:08:59 IST" duration-ms="146" status="PASS">
          <reporter-output>
          </reporter-output>
        </test-method> <!-- TC_CCP_19 -->
        <test-method is-config="true" signature="tearDown(org.testng.ITestResult)[pri:0, instance:TestCases.CCP@49438269]" started-at="2022-05-09T10:08:59 IST" name="tearDown" finished-at="2022-05-09T10:08:59 IST" duration-ms="0" status="PASS">
          <params>
            <param index="0">
              <value>
                <![CDATA[[TestResult name=TC_CCP_19 status=SUCCESS method=CCP.TC_CCP_19()[pri:20, instance:TestCases.CCP@49438269] output={null}]]]>
              </value>
            </param>
          </params>
          <reporter-output>
          </reporter-output>
        </test-method> <!-- tearDown -->
        <test-method signature="TC_CCP_20()[pri:21, instance:TestCases.CCP@49438269]" started-at="2022-05-09T10:08:59 IST" name="TC_CCP_20" finished-at="2022-05-09T10:08:59 IST" duration-ms="115" status="PASS">
          <reporter-output>
          </reporter-output>
        </test-method> <!-- TC_CCP_20 -->
        <test-method is-config="true" signature="tearDown(org.testng.ITestResult)[pri:0, instance:TestCases.CCP@49438269]" started-at="2022-05-09T10:08:59 IST" name="tearDown" finished-at="2022-05-09T10:08:59 IST" duration-ms="1" status="PASS">
          <params>
            <param index="0">
              <value>
                <![CDATA[[TestResult name=TC_CCP_20 status=SUCCESS method=CCP.TC_CCP_20()[pri:21, instance:TestCases.CCP@49438269] output={null}]]]>
              </value>
            </param>
          </params>
          <reporter-output>
          </reporter-output>
        </test-method> <!-- tearDown -->
        <test-method signature="TC_CCP_21()[pri:22, instance:TestCases.CCP@49438269]" started-at="2022-05-09T10:08:59 IST" name="TC_CCP_21" finished-at="2022-05-09T10:08:59 IST" duration-ms="325" status="PASS">
          <reporter-output>
          </reporter-output>
        </test-method> <!-- TC_CCP_21 -->
        <test-method is-config="true" signature="tearDown(org.testng.ITestResult)[pri:0, instance:TestCases.CCP@49438269]" started-at="2022-05-09T10:08:59 IST" name="tearDown" finished-at="2022-05-09T10:08:59 IST" duration-ms="0" status="PASS">
          <params>
            <param index="0">
              <value>
                <![CDATA[[TestResult name=TC_CCP_21 status=SUCCESS method=CCP.TC_CCP_21()[pri:22, instance:TestCases.CCP@49438269] output={null}]]]>
              </value>
            </param>
          </params>
          <reporter-output>
          </reporter-output>
        </test-method> <!-- tearDown -->
        <test-method signature="TC_CCP_22()[pri:23, instance:TestCases.CCP@49438269]" started-at="2022-05-09T10:08:59 IST" name="TC_CCP_22" finished-at="2022-05-09T10:09:00 IST" duration-ms="291" status="PASS">
          <reporter-output>
          </reporter-output>
        </test-method> <!-- TC_CCP_22 -->
        <test-method is-config="true" signature="tearDown(org.testng.ITestResult)[pri:0, instance:TestCases.CCP@49438269]" started-at="2022-05-09T10:09:00 IST" name="tearDown" finished-at="2022-05-09T10:09:00 IST" duration-ms="0" status="PASS">
          <params>
            <param index="0">
              <value>
                <![CDATA[[TestResult name=TC_CCP_22 status=SUCCESS method=CCP.TC_CCP_22()[pri:23, instance:TestCases.CCP@49438269] output={null}]]]>
              </value>
            </param>
          </params>
          <reporter-output>
          </reporter-output>
        </test-method> <!-- tearDown -->
        <test-method signature="TC_CCP_23()[pri:24, instance:TestCases.CCP@49438269]" started-at="2022-05-09T10:09:00 IST" name="TC_CCP_23" finished-at="2022-05-09T10:09:00 IST" duration-ms="217" status="PASS">
          <reporter-output>
          </reporter-output>
        </test-method> <!-- TC_CCP_23 -->
        <test-method is-config="true" signature="tearDown(org.testng.ITestResult)[pri:0, instance:TestCases.CCP@49438269]" started-at="2022-05-09T10:09:00 IST" name="tearDown" finished-at="2022-05-09T10:09:00 IST" duration-ms="1" status="PASS">
          <params>
            <param index="0">
              <value>
                <![CDATA[[TestResult name=TC_CCP_23 status=SUCCESS method=CCP.TC_CCP_23()[pri:24, instance:TestCases.CCP@49438269] output={null}]]]>
              </value>
            </param>
          </params>
          <reporter-output>
          </reporter-output>
        </test-method> <!-- tearDown -->
        <test-method signature="TC_CCP_24()[pri:25, instance:TestCases.CCP@49438269]" started-at="2022-05-09T10:09:00 IST" name="TC_CCP_24" finished-at="2022-05-09T10:09:00 IST" duration-ms="224" status="PASS">
          <reporter-output>
          </reporter-output>
        </test-method> <!-- TC_CCP_24 -->
        <test-method is-config="true" signature="tearDown(org.testng.ITestResult)[pri:0, instance:TestCases.CCP@49438269]" started-at="2022-05-09T10:09:00 IST" name="tearDown" finished-at="2022-05-09T10:09:00 IST" duration-ms="2" status="PASS">
          <params>
            <param index="0">
              <value>
                <![CDATA[[TestResult name=TC_CCP_24 status=SUCCESS method=CCP.TC_CCP_24()[pri:25, instance:TestCases.CCP@49438269] output={null}]]]>
              </value>
            </param>
          </params>
          <reporter-output>
          </reporter-output>
        </test-method> <!-- tearDown -->
        <test-method signature="TC_CCP_25()[pri:26, instance:TestCases.CCP@49438269]" started-at="2022-05-09T10:09:00 IST" name="TC_CCP_25" finished-at="2022-05-09T10:09:01 IST" duration-ms="413" status="PASS">
          <reporter-output>
          </reporter-output>
        </test-method> <!-- TC_CCP_25 -->
        <test-method is-config="true" signature="tearDown(org.testng.ITestResult)[pri:0, instance:TestCases.CCP@49438269]" started-at="2022-05-09T10:09:01 IST" name="tearDown" finished-at="2022-05-09T10:09:01 IST" duration-ms="0" status="PASS">
          <params>
            <param index="0">
              <value>
                <![CDATA[[TestResult name=TC_CCP_25 status=SUCCESS method=CCP.TC_CCP_25()[pri:26, instance:TestCases.CCP@49438269] output={null}]]]>
              </value>
            </param>
          </params>
          <reporter-output>
          </reporter-output>
        </test-method> <!-- tearDown -->
        <test-method signature="TC_CCP_26()[pri:27, instance:TestCases.CCP@49438269]" started-at="2022-05-09T10:09:01 IST" name="TC_CCP_26" finished-at="2022-05-09T10:09:03 IST" duration-ms="2589" status="PASS">
          <reporter-output>
          </reporter-output>
        </test-method> <!-- TC_CCP_26 -->
        <test-method signature="TC_CCP_27()[pri:28, instance:TestCases.CCP@49438269]" started-at="2022-05-09T10:09:03 IST" name="TC_CCP_27" finished-at="2022-05-09T10:09:03 IST" duration-ms="26" status="PASS">
          <reporter-output>
          </reporter-output>
        </test-method> <!-- TC_CCP_27 -->
        <test-method is-config="true" signature="tearDown(org.testng.ITestResult)[pri:0, instance:TestCases.CCP@49438269]" started-at="2022-05-09T10:09:03 IST" name="tearDown" finished-at="2022-05-09T10:09:03 IST" duration-ms="0" status="PASS">
          <params>
            <param index="0">
              <value>
                <![CDATA[[TestResult name=TC_CCP_26 status=SUCCESS method=CCP.TC_CCP_26()[pri:27, instance:TestCases.CCP@49438269] output={null}]]]>
              </value>
            </param>
          </params>
          <reporter-output>
          </reporter-output>
        </test-method> <!-- tearDown -->
        <test-method is-config="true" signature="tearDown(org.testng.ITestResult)[pri:0, instance:TestCases.CCP@49438269]" started-at="2022-05-09T10:09:03 IST" name="tearDown" finished-at="2022-05-09T10:09:03 IST" duration-ms="1" status="PASS">
          <params>
            <param index="0">
              <value>
                <![CDATA[[TestResult name=TC_CCP_27 status=SUCCESS method=CCP.TC_CCP_27()[pri:28, instance:TestCases.CCP@49438269] output={null}]]]>
              </value>
            </param>
          </params>
          <reporter-output>
          </reporter-output>
        </test-method> <!-- tearDown -->
        <test-method signature="TC_CCP_28()[pri:29, instance:TestCases.CCP@49438269]" started-at="2022-05-09T10:09:03 IST" name="TC_CCP_28" finished-at="2022-05-09T10:09:03 IST" duration-ms="160" status="PASS">
          <reporter-output>
          </reporter-output>
        </test-method> <!-- TC_CCP_28 -->
        <test-method is-config="true" signature="tearDown(org.testng.ITestResult)[pri:0, instance:TestCases.CCP@49438269]" started-at="2022-05-09T10:09:03 IST" name="tearDown" finished-at="2022-05-09T10:09:03 IST" duration-ms="0" status="PASS">
          <params>
            <param index="0">
              <value>
                <![CDATA[[TestResult name=TC_CCP_28 status=SUCCESS method=CCP.TC_CCP_28()[pri:29, instance:TestCases.CCP@49438269] output={null}]]]>
              </value>
            </param>
          </params>
          <reporter-output>
          </reporter-output>
        </test-method> <!-- tearDown -->
        <test-method signature="TC_CCP_29()[pri:30, instance:TestCases.CCP@49438269]" started-at="2022-05-09T10:09:03 IST" name="TC_CCP_29" finished-at="2022-05-09T10:09:09 IST" duration-ms="5133" status="PASS">
          <reporter-output>
          </reporter-output>
        </test-method> <!-- TC_CCP_29 -->
        <test-method is-config="true" signature="tearDown(org.testng.ITestResult)[pri:0, instance:TestCases.CCP@49438269]" started-at="2022-05-09T10:09:09 IST" name="tearDown" finished-at="2022-05-09T10:09:09 IST" duration-ms="0" status="PASS">
          <params>
            <param index="0">
              <value>
                <![CDATA[[TestResult name=TC_CCP_29 status=SUCCESS method=CCP.TC_CCP_29()[pri:30, instance:TestCases.CCP@49438269] output={null}]]]>
              </value>
            </param>
          </params>
          <reporter-output>
          </reporter-output>
        </test-method> <!-- tearDown -->
        <test-method signature="TC_CCP_30()[pri:31, instance:TestCases.CCP@49438269]" started-at="2022-05-09T10:09:09 IST" name="TC_CCP_30" finished-at="2022-05-09T10:09:15 IST" duration-ms="6500" status="PASS">
          <reporter-output>
          </reporter-output>
        </test-method> <!-- TC_CCP_30 -->
        <test-method is-config="true" signature="tearDown(org.testng.ITestResult)[pri:0, instance:TestCases.CCP@49438269]" started-at="2022-05-09T10:09:15 IST" name="tearDown" finished-at="2022-05-09T10:09:15 IST" duration-ms="0" status="PASS">
          <params>
            <param index="0">
              <value>
                <![CDATA[[TestResult name=TC_CCP_30 status=SUCCESS method=CCP.TC_CCP_30()[pri:31, instance:TestCases.CCP@49438269] output={null}]]]>
              </value>
            </param>
          </params>
          <reporter-output>
          </reporter-output>
        </test-method> <!-- tearDown -->
        <test-method signature="TC_CCP_31()[pri:32, instance:TestCases.CCP@49438269]" started-at="2022-05-09T10:09:15 IST" name="TC_CCP_31" finished-at="2022-05-09T10:09:20 IST" duration-ms="5151" status="PASS">
          <reporter-output>
          </reporter-output>
        </test-method> <!-- TC_CCP_31 -->
        <test-method is-config="true" signature="tearDown(org.testng.ITestResult)[pri:0, instance:TestCases.CCP@49438269]" started-at="2022-05-09T10:09:20 IST" name="tearDown" finished-at="2022-05-09T10:09:20 IST" duration-ms="1" status="PASS">
          <params>
            <param index="0">
              <value>
                <![CDATA[[TestResult name=TC_CCP_31 status=SUCCESS method=CCP.TC_CCP_31()[pri:32, instance:TestCases.CCP@49438269] output={null}]]]>
              </value>
            </param>
          </params>
          <reporter-output>
          </reporter-output>
        </test-method> <!-- tearDown -->
        <test-method signature="TC_CCP_32()[pri:33, instance:TestCases.CCP@49438269]" started-at="2022-05-09T10:09:20 IST" name="TC_CCP_32" finished-at="2022-05-09T10:09:21 IST" duration-ms="1196" status="PASS">
          <reporter-output>
          </reporter-output>
        </test-method> <!-- TC_CCP_32 -->
        <test-method is-config="true" signature="tearDown(org.testng.ITestResult)[pri:0, instance:TestCases.CCP@49438269]" started-at="2022-05-09T10:09:21 IST" name="tearDown" finished-at="2022-05-09T10:09:21 IST" duration-ms="1" status="PASS">
          <params>
            <param index="0">
              <value>
                <![CDATA[[TestResult name=TC_CCP_32 status=SUCCESS method=CCP.TC_CCP_32()[pri:33, instance:TestCases.CCP@49438269] output={null}]]]>
              </value>
            </param>
          </params>
          <reporter-output>
          </reporter-output>
        </test-method> <!-- tearDown -->
        <test-method signature="TC_CCP_34()[pri:35, instance:TestCases.CCP@49438269]" started-at="2022-05-09T10:09:21 IST" name="TC_CCP_34" finished-at="2022-05-09T10:09:23 IST" duration-ms="2056" status="PASS">
          <reporter-output>
          </reporter-output>
        </test-method> <!-- TC_CCP_34 -->
        <test-method is-config="true" signature="tearDown(org.testng.ITestResult)[pri:0, instance:TestCases.CCP@49438269]" started-at="2022-05-09T10:09:23 IST" name="tearDown" finished-at="2022-05-09T10:09:23 IST" duration-ms="0" status="PASS">
          <params>
            <param index="0">
              <value>
                <![CDATA[[TestResult name=TC_CCP_34 status=SUCCESS method=CCP.TC_CCP_34()[pri:35, instance:TestCases.CCP@49438269] output={null}]]]>
              </value>
            </param>
          </params>
          <reporter-output>
          </reporter-output>
        </test-method> <!-- tearDown -->
        <test-method signature="TC_CCP_35()[pri:36, instance:TestCases.CCP@49438269]" started-at="2022-05-09T10:09:23 IST" name="TC_CCP_35" finished-at="2022-05-09T10:09:28 IST" duration-ms="4178" status="PASS">
          <reporter-output>
          </reporter-output>
        </test-method> <!-- TC_CCP_35 -->
        <test-method signature="TC_CCP_36()[pri:37, instance:TestCases.CCP@49438269]" started-at="2022-05-09T10:09:28 IST" name="TC_CCP_36" finished-at="2022-05-09T10:09:30 IST" duration-ms="2103" status="PASS">
          <reporter-output>
          </reporter-output>
        </test-method> <!-- TC_CCP_36 -->
        <test-method is-config="true" signature="tearDown(org.testng.ITestResult)[pri:0, instance:TestCases.CCP@49438269]" started-at="2022-05-09T10:09:28 IST" name="tearDown" finished-at="2022-05-09T10:09:28 IST" duration-ms="0" status="PASS">
          <params>
            <param index="0">
              <value>
                <![CDATA[[TestResult name=TC_CCP_35 status=SUCCESS method=CCP.TC_CCP_35()[pri:36, instance:TestCases.CCP@49438269] output={null}]]]>
              </value>
            </param>
          </params>
          <reporter-output>
          </reporter-output>
        </test-method> <!-- tearDown -->
        <test-method is-config="true" signature="tearDown(org.testng.ITestResult)[pri:0, instance:TestCases.CCP@49438269]" started-at="2022-05-09T10:09:30 IST" name="tearDown" finished-at="2022-05-09T10:09:30 IST" duration-ms="0" status="PASS">
          <params>
            <param index="0">
              <value>
                <![CDATA[[TestResult name=TC_CCP_36 status=SUCCESS method=CCP.TC_CCP_36()[pri:37, instance:TestCases.CCP@49438269] output={null}]]]>
              </value>
            </param>
          </params>
          <reporter-output>
          </reporter-output>
        </test-method> <!-- tearDown -->
        <test-method signature="TC_CCP_37()[pri:38, instance:TestCases.CCP@49438269]" started-at="2022-05-09T10:09:30 IST" name="TC_CCP_37" finished-at="2022-05-09T10:09:33 IST" duration-ms="2905" status="PASS">
          <reporter-output>
          </reporter-output>
        </test-method> <!-- TC_CCP_37 -->
        <test-method signature="TC_CCP_38()[pri:39, instance:TestCases.CCP@49438269]" started-at="2022-05-09T10:09:33 IST" name="TC_CCP_38" finished-at="2022-05-09T10:09:33 IST" duration-ms="101" status="PASS">
          <reporter-output>
          </reporter-output>
        </test-method> <!-- TC_CCP_38 -->
        <test-method is-config="true" signature="tearDown(org.testng.ITestResult)[pri:0, instance:TestCases.CCP@49438269]" started-at="2022-05-09T10:09:33 IST" name="tearDown" finished-at="2022-05-09T10:09:33 IST" duration-ms="0" status="PASS">
          <params>
            <param index="0">
              <value>
                <![CDATA[[TestResult name=TC_CCP_37 status=SUCCESS method=CCP.TC_CCP_37()[pri:38, instance:TestCases.CCP@49438269] output={null}]]]>
              </value>
            </param>
          </params>
          <reporter-output>
          </reporter-output>
        </test-method> <!-- tearDown -->
        <test-method is-config="true" signature="tearDown(org.testng.ITestResult)[pri:0, instance:TestCases.CCP@49438269]" started-at="2022-05-09T10:09:33 IST" name="tearDown" finished-at="2022-05-09T10:09:33 IST" duration-ms="0" status="PASS">
          <params>
            <param index="0">
              <value>
                <![CDATA[[TestResult name=TC_CCP_38 status=SUCCESS method=CCP.TC_CCP_38()[pri:39, instance:TestCases.CCP@49438269] output={null}]]]>
              </value>
            </param>
          </params>
          <reporter-output>
          </reporter-output>
        </test-method> <!-- tearDown -->
        <test-method signature="TC_CCP_39()[pri:40, instance:TestCases.CCP@49438269]" started-at="2022-05-09T10:09:33 IST" name="TC_CCP_39" finished-at="2022-05-09T10:09:35 IST" duration-ms="2117" status="PASS">
          <reporter-output>
          </reporter-output>
        </test-method> <!-- TC_CCP_39 -->
        <test-method is-config="true" signature="tearDown(org.testng.ITestResult)[pri:0, instance:TestCases.CCP@49438269]" started-at="2022-05-09T10:09:35 IST" name="tearDown" finished-at="2022-05-09T10:09:35 IST" duration-ms="1" status="PASS">
          <params>
            <param index="0">
              <value>
                <![CDATA[[TestResult name=TC_CCP_39 status=SUCCESS method=CCP.TC_CCP_39()[pri:40, instance:TestCases.CCP@49438269] output={null}]]]>
              </value>
            </param>
          </params>
          <reporter-output>
          </reporter-output>
        </test-method> <!-- tearDown -->
        <test-method signature="TC_CCP_40()[pri:41, instance:TestCases.CCP@49438269]" started-at="2022-05-09T10:09:35 IST" name="TC_CCP_40" finished-at="2022-05-09T10:09:48 IST" duration-ms="12725" status="PASS">
          <reporter-output>
          </reporter-output>
        </test-method> <!-- TC_CCP_40 -->
        <test-method is-config="true" signature="tearDown(org.testng.ITestResult)[pri:0, instance:TestCases.CCP@49438269]" started-at="2022-05-09T10:09:48 IST" name="tearDown" finished-at="2022-05-09T10:09:48 IST" duration-ms="0" status="PASS">
          <params>
            <param index="0">
              <value>
                <![CDATA[[TestResult name=TC_CCP_40 status=SUCCESS method=CCP.TC_CCP_40()[pri:41, instance:TestCases.CCP@49438269] output={null}]]]>
              </value>
            </param>
          </params>
          <reporter-output>
          </reporter-output>
        </test-method> <!-- tearDown -->
        <test-method signature="TC_CCP_42()[pri:43, instance:TestCases.CCP@49438269]" started-at="2022-05-09T10:09:48 IST" name="TC_CCP_42" finished-at="2022-05-09T10:09:49 IST" duration-ms="1824" status="PASS">
          <reporter-output>
          </reporter-output>
        </test-method> <!-- TC_CCP_42 -->
        <test-method is-config="true" signature="tearDown(org.testng.ITestResult)[pri:0, instance:TestCases.CCP@49438269]" started-at="2022-05-09T10:09:49 IST" name="tearDown" finished-at="2022-05-09T10:09:49 IST" duration-ms="1" status="PASS">
          <params>
            <param index="0">
              <value>
                <![CDATA[[TestResult name=TC_CCP_42 status=SUCCESS method=CCP.TC_CCP_42()[pri:43, instance:TestCases.CCP@49438269] output={null}]]]>
              </value>
            </param>
          </params>
          <reporter-output>
          </reporter-output>
        </test-method> <!-- tearDown -->
        <test-method signature="TC_CCP_43()[pri:44, instance:TestCases.CCP@49438269]" started-at="2022-05-09T10:09:49 IST" name="TC_CCP_43" finished-at="2022-05-09T10:09:51 IST" duration-ms="1226" status="PASS">
          <reporter-output>
          </reporter-output>
        </test-method> <!-- TC_CCP_43 -->
        <test-method is-config="true" signature="tearDown(org.testng.ITestResult)[pri:0, instance:TestCases.CCP@49438269]" started-at="2022-05-09T10:09:51 IST" name="tearDown" finished-at="2022-05-09T10:09:51 IST" duration-ms="0" status="PASS">
          <params>
            <param index="0">
              <value>
                <![CDATA[[TestResult name=TC_CCP_43 status=SUCCESS method=CCP.TC_CCP_43()[pri:44, instance:TestCases.CCP@49438269] output={null}]]]>
              </value>
            </param>
          </params>
          <reporter-output>
          </reporter-output>
        </test-method> <!-- tearDown -->
        <test-method signature="TC_CCP_44()[pri:45, instance:TestCases.CCP@49438269]" started-at="2022-05-09T10:09:51 IST" name="TC_CCP_44" finished-at="2022-05-09T10:09:52 IST" duration-ms="1039" status="PASS">
          <reporter-output>
          </reporter-output>
        </test-method> <!-- TC_CCP_44 -->
        <test-method signature="TC_CCP_45()[pri:46, instance:TestCases.CCP@49438269]" started-at="2022-05-09T10:09:52 IST" name="TC_CCP_45" finished-at="2022-05-09T10:09:52 IST" duration-ms="17" status="PASS">
          <reporter-output>
          </reporter-output>
        </test-method> <!-- TC_CCP_45 -->
        <test-method is-config="true" signature="tearDown(org.testng.ITestResult)[pri:0, instance:TestCases.CCP@49438269]" started-at="2022-05-09T10:09:52 IST" name="tearDown" finished-at="2022-05-09T10:09:52 IST" duration-ms="0" status="PASS">
          <params>
            <param index="0">
              <value>
                <![CDATA[[TestResult name=TC_CCP_44 status=SUCCESS method=CCP.TC_CCP_44()[pri:45, instance:TestCases.CCP@49438269] output={null}]]]>
              </value>
            </param>
          </params>
          <reporter-output>
          </reporter-output>
        </test-method> <!-- tearDown -->
        <test-method is-config="true" signature="tearDown(org.testng.ITestResult)[pri:0, instance:TestCases.CCP@49438269]" started-at="2022-05-09T10:09:52 IST" name="tearDown" finished-at="2022-05-09T10:09:52 IST" duration-ms="0" status="PASS">
          <params>
            <param index="0">
              <value>
                <![CDATA[[TestResult name=TC_CCP_45 status=SUCCESS method=CCP.TC_CCP_45()[pri:46, instance:TestCases.CCP@49438269] output={null}]]]>
              </value>
            </param>
          </params>
          <reporter-output>
          </reporter-output>
        </test-method> <!-- tearDown -->
        <test-method signature="TC_CCP_46()[pri:47, instance:TestCases.CCP@49438269]" started-at="2022-05-09T10:09:52 IST" name="TC_CCP_46" finished-at="2022-05-09T10:09:52 IST" duration-ms="161" status="PASS">
          <reporter-output>
          </reporter-output>
        </test-method> <!-- TC_CCP_46 -->
        <test-method signature="TC_CCP_47()[pri:48, instance:TestCases.CCP@49438269]" started-at="2022-05-09T10:09:52 IST" name="TC_CCP_47" finished-at="2022-05-09T10:09:55 IST" duration-ms="3227" status="PASS">
          <reporter-output>
          </reporter-output>
        </test-method> <!-- TC_CCP_47 -->
        <test-method is-config="true" signature="tearDown(org.testng.ITestResult)[pri:0, instance:TestCases.CCP@49438269]" started-at="2022-05-09T10:09:52 IST" name="tearDown" finished-at="2022-05-09T10:09:52 IST" duration-ms="0" status="PASS">
          <params>
            <param index="0">
              <value>
                <![CDATA[[TestResult name=TC_CCP_46 status=SUCCESS method=CCP.TC_CCP_46()[pri:47, instance:TestCases.CCP@49438269] output={null}]]]>
              </value>
            </param>
          </params>
          <reporter-output>
          </reporter-output>
        </test-method> <!-- tearDown -->
        <test-method is-config="true" signature="tearDown(org.testng.ITestResult)[pri:0, instance:TestCases.CCP@49438269]" started-at="2022-05-09T10:09:55 IST" name="tearDown" finished-at="2022-05-09T10:09:55 IST" duration-ms="1" status="PASS">
          <params>
            <param index="0">
              <value>
                <![CDATA[[TestResult name=TC_CCP_47 status=SUCCESS method=CCP.TC_CCP_47()[pri:48, instance:TestCases.CCP@49438269] output={null}]]]>
              </value>
            </param>
          </params>
          <reporter-output>
          </reporter-output>
        </test-method> <!-- tearDown -->
        <test-method signature="TC_CCP_48()[pri:49, instance:TestCases.CCP@49438269]" started-at="2022-05-09T10:09:55 IST" name="TC_CCP_48" finished-at="2022-05-09T10:09:57 IST" duration-ms="2125" status="PASS">
          <reporter-output>
          </reporter-output>
        </test-method> <!-- TC_CCP_48 -->
        <test-method is-config="true" signature="tearDown(org.testng.ITestResult)[pri:0, instance:TestCases.CCP@49438269]" started-at="2022-05-09T10:09:57 IST" name="tearDown" finished-at="2022-05-09T10:09:57 IST" duration-ms="1" status="PASS">
          <params>
            <param index="0">
              <value>
                <![CDATA[[TestResult name=TC_CCP_48 status=SUCCESS method=CCP.TC_CCP_48()[pri:49, instance:TestCases.CCP@49438269] output={null}]]]>
              </value>
            </param>
          </params>
          <reporter-output>
          </reporter-output>
        </test-method> <!-- tearDown -->
        <test-method signature="TC_CCP_49()[pri:50, instance:TestCases.CCP@49438269]" started-at="2022-05-09T10:09:57 IST" name="TC_CCP_49" finished-at="2022-05-09T10:10:02 IST" duration-ms="5082" status="PASS">
          <reporter-output>
          </reporter-output>
        </test-method> <!-- TC_CCP_49 -->
        <test-method is-config="true" signature="tearDown(org.testng.ITestResult)[pri:0, instance:TestCases.CCP@49438269]" started-at="2022-05-09T10:10:02 IST" name="tearDown" finished-at="2022-05-09T10:10:02 IST" duration-ms="1" status="PASS">
          <params>
            <param index="0">
              <value>
                <![CDATA[[TestResult name=TC_CCP_49 status=SUCCESS method=CCP.TC_CCP_49()[pri:50, instance:TestCases.CCP@49438269] output={null}]]]>
              </value>
            </param>
          </params>
          <reporter-output>
          </reporter-output>
        </test-method> <!-- tearDown -->
        <test-method signature="TC_CCP_50()[pri:51, instance:TestCases.CCP@49438269]" started-at="2022-05-09T10:10:02 IST" name="TC_CCP_50" finished-at="2022-05-09T10:10:05 IST" duration-ms="3089" status="PASS">
          <reporter-output>
          </reporter-output>
        </test-method> <!-- TC_CCP_50 -->
        <test-method is-config="true" signature="tearDown(org.testng.ITestResult)[pri:0, instance:TestCases.CCP@49438269]" started-at="2022-05-09T10:10:05 IST" name="tearDown" finished-at="2022-05-09T10:10:05 IST" duration-ms="0" status="PASS">
          <params>
            <param index="0">
              <value>
                <![CDATA[[TestResult name=TC_CCP_50 status=SUCCESS method=CCP.TC_CCP_50()[pri:51, instance:TestCases.CCP@49438269] output={null}]]]>
              </value>
            </param>
          </params>
          <reporter-output>
          </reporter-output>
        </test-method> <!-- tearDown -->
        <test-method signature="TC_CCP_51()[pri:52, instance:TestCases.CCP@49438269]" started-at="2022-05-09T10:10:05 IST" name="TC_CCP_51" finished-at="2022-05-09T10:10:06 IST" duration-ms="671" status="PASS">
          <reporter-output>
          </reporter-output>
        </test-method> <!-- TC_CCP_51 -->
        <test-method signature="TC_CCP_52()[pri:53, instance:TestCases.CCP@49438269]" started-at="2022-05-09T10:10:06 IST" name="TC_CCP_52" finished-at="2022-05-09T10:10:12 IST" duration-ms="5580" status="PASS">
          <reporter-output>
          </reporter-output>
        </test-method> <!-- TC_CCP_52 -->
        <test-method is-config="true" signature="tearDown(org.testng.ITestResult)[pri:0, instance:TestCases.CCP@49438269]" started-at="2022-05-09T10:10:06 IST" name="tearDown" finished-at="2022-05-09T10:10:06 IST" duration-ms="0" status="PASS">
          <params>
            <param index="0">
              <value>
                <![CDATA[[TestResult name=TC_CCP_51 status=SUCCESS method=CCP.TC_CCP_51()[pri:52, instance:TestCases.CCP@49438269] output={null}]]]>
              </value>
            </param>
          </params>
          <reporter-output>
          </reporter-output>
        </test-method> <!-- tearDown -->
        <test-method is-config="true" signature="tearDown(org.testng.ITestResult)[pri:0, instance:TestCases.CCP@49438269]" started-at="2022-05-09T10:10:12 IST" name="tearDown" finished-at="2022-05-09T10:10:12 IST" duration-ms="0" status="PASS">
          <params>
            <param index="0">
              <value>
                <![CDATA[[TestResult name=TC_CCP_52 status=SUCCESS method=CCP.TC_CCP_52()[pri:53, instance:TestCases.CCP@49438269] output={null}]]]>
              </value>
            </param>
          </params>
          <reporter-output>
          </reporter-output>
        </test-method> <!-- tearDown -->
        <test-method signature="TC_CCP_53()[pri:54, instance:TestCases.CCP@49438269]" started-at="2022-05-09T10:10:12 IST" name="TC_CCP_53" finished-at="2022-05-09T10:10:13 IST" duration-ms="1172" status="PASS">
          <reporter-output>
          </reporter-output>
        </test-method> <!-- TC_CCP_53 -->
        <test-method is-config="true" signature="tearDown(org.testng.ITestResult)[pri:0, instance:TestCases.CCP@49438269]" started-at="2022-05-09T10:10:13 IST" name="tearDown" finished-at="2022-05-09T10:10:13 IST" duration-ms="0" status="PASS">
          <params>
            <param index="0">
              <value>
                <![CDATA[[TestResult name=TC_CCP_53 status=SUCCESS method=CCP.TC_CCP_53()[pri:54, instance:TestCases.CCP@49438269] output={null}]]]>
              </value>
            </param>
          </params>
          <reporter-output>
          </reporter-output>
        </test-method> <!-- tearDown -->
        <test-method signature="TC_CCP_54()[pri:55, instance:TestCases.CCP@49438269]" started-at="2022-05-09T10:10:13 IST" name="TC_CCP_54" finished-at="2022-05-09T10:10:13 IST" duration-ms="481" status="PASS">
          <reporter-output>
          </reporter-output>
        </test-method> <!-- TC_CCP_54 -->
        <test-method is-config="true" signature="tearDown(org.testng.ITestResult)[pri:0, instance:TestCases.CCP@49438269]" started-at="2022-05-09T10:10:13 IST" name="tearDown" finished-at="2022-05-09T10:10:13 IST" duration-ms="0" status="PASS">
          <params>
            <param index="0">
              <value>
                <![CDATA[[TestResult name=TC_CCP_54 status=SUCCESS method=CCP.TC_CCP_54()[pri:55, instance:TestCases.CCP@49438269] output={null}]]]>
              </value>
            </param>
          </params>
          <reporter-output>
          </reporter-output>
        </test-method> <!-- tearDown -->
        <test-method signature="TC_CCP_55()[pri:56, instance:TestCases.CCP@49438269]" started-at="2022-05-09T10:10:13 IST" name="TC_CCP_55" finished-at="2022-05-09T10:10:17 IST" duration-ms="3597" status="PASS">
          <reporter-output>
          </reporter-output>
        </test-method> <!-- TC_CCP_55 -->
        <test-method is-config="true" signature="tearDown(org.testng.ITestResult)[pri:0, instance:TestCases.CCP@49438269]" started-at="2022-05-09T10:10:17 IST" name="tearDown" finished-at="2022-05-09T10:10:17 IST" duration-ms="1" status="PASS">
          <params>
            <param index="0">
              <value>
                <![CDATA[[TestResult name=TC_CCP_55 status=SUCCESS method=CCP.TC_CCP_55()[pri:56, instance:TestCases.CCP@49438269] output={null}]]]>
              </value>
            </param>
          </params>
          <reporter-output>
          </reporter-output>
        </test-method> <!-- tearDown -->
        <test-method signature="TC_CCP_56()[pri:57, instance:TestCases.CCP@49438269]" started-at="2022-05-09T10:10:17 IST" name="TC_CCP_56" finished-at="2022-05-09T10:10:19 IST" duration-ms="2042" status="PASS">
          <reporter-output>
          </reporter-output>
        </test-method> <!-- TC_CCP_56 -->
        <test-method is-config="true" signature="tearDown(org.testng.ITestResult)[pri:0, instance:TestCases.CCP@49438269]" started-at="2022-05-09T10:10:19 IST" name="tearDown" finished-at="2022-05-09T10:10:19 IST" duration-ms="0" status="PASS">
          <params>
            <param index="0">
              <value>
                <![CDATA[[TestResult name=TC_CCP_56 status=SUCCESS method=CCP.TC_CCP_56()[pri:57, instance:TestCases.CCP@49438269] output={null}]]]>
              </value>
            </param>
          </params>
          <reporter-output>
          </reporter-output>
        </test-method> <!-- tearDown -->
        <test-method signature="TC_CCP_57()[pri:58, instance:TestCases.CCP@49438269]" started-at="2022-05-09T10:10:19 IST" name="TC_CCP_57" finished-at="2022-05-09T10:10:19 IST" duration-ms="192" status="PASS">
          <reporter-output>
          </reporter-output>
        </test-method> <!-- TC_CCP_57 -->
        <test-method is-config="true" signature="tearDown(org.testng.ITestResult)[pri:0, instance:TestCases.CCP@49438269]" started-at="2022-05-09T10:10:19 IST" name="tearDown" finished-at="2022-05-09T10:10:19 IST" duration-ms="0" status="PASS">
          <params>
            <param index="0">
              <value>
                <![CDATA[[TestResult name=TC_CCP_57 status=SUCCESS method=CCP.TC_CCP_57()[pri:58, instance:TestCases.CCP@49438269] output={null}]]]>
              </value>
            </param>
          </params>
          <reporter-output>
          </reporter-output>
        </test-method> <!-- tearDown -->
        <test-method signature="TC_CCP_58()[pri:59, instance:TestCases.CCP@49438269]" started-at="2022-05-09T10:10:19 IST" name="TC_CCP_58" finished-at="2022-05-09T10:10:19 IST" duration-ms="25" status="PASS">
          <reporter-output>
          </reporter-output>
        </test-method> <!-- TC_CCP_58 -->
        <test-method is-config="true" signature="tearDown(org.testng.ITestResult)[pri:0, instance:TestCases.CCP@49438269]" started-at="2022-05-09T10:10:19 IST" name="tearDown" finished-at="2022-05-09T10:10:19 IST" duration-ms="0" status="PASS">
          <params>
            <param index="0">
              <value>
                <![CDATA[[TestResult name=TC_CCP_58 status=SUCCESS method=CCP.TC_CCP_58()[pri:59, instance:TestCases.CCP@49438269] output={null}]]]>
              </value>
            </param>
          </params>
          <reporter-output>
          </reporter-output>
        </test-method> <!-- tearDown -->
        <test-method signature="TC_CCP_59()[pri:60, instance:TestCases.CCP@49438269]" started-at="2022-05-09T10:10:19 IST" name="TC_CCP_59" finished-at="2022-05-09T10:10:21 IST" duration-ms="2128" status="PASS">
          <reporter-output>
          </reporter-output>
        </test-method> <!-- TC_CCP_59 -->
        <test-method is-config="true" signature="tearDown(org.testng.ITestResult)[pri:0, instance:TestCases.CCP@49438269]" started-at="2022-05-09T10:10:21 IST" name="tearDown" finished-at="2022-05-09T10:10:21 IST" duration-ms="1" status="PASS">
          <params>
            <param index="0">
              <value>
                <![CDATA[[TestResult name=TC_CCP_59 status=SUCCESS method=CCP.TC_CCP_59()[pri:60, instance:TestCases.CCP@49438269] output={null}]]]>
              </value>
            </param>
          </params>
          <reporter-output>
          </reporter-output>
        </test-method> <!-- tearDown -->
        <test-method signature="TC_CCP_60()[pri:61, instance:TestCases.CCP@49438269]" started-at="2022-05-09T10:10:21 IST" name="TC_CCP_60" finished-at="2022-05-09T10:10:21 IST" duration-ms="26" status="PASS">
          <reporter-output>
          </reporter-output>
        </test-method> <!-- TC_CCP_60 -->
        <test-method is-config="true" signature="tearDown(org.testng.ITestResult)[pri:0, instance:TestCases.CCP@49438269]" started-at="2022-05-09T10:10:21 IST" name="tearDown" finished-at="2022-05-09T10:10:21 IST" duration-ms="1" status="PASS">
          <params>
            <param index="0">
              <value>
                <![CDATA[[TestResult name=TC_CCP_60 status=SUCCESS method=CCP.TC_CCP_60()[pri:61, instance:TestCases.CCP@49438269] output={null}]]]>
              </value>
            </param>
          </params>
          <reporter-output>
          </reporter-output>
        </test-method> <!-- tearDown -->
        <test-method signature="TC_CCP_61()[pri:62, instance:TestCases.CCP@49438269]" started-at="2022-05-09T10:10:21 IST" name="TC_CCP_61" finished-at="2022-05-09T10:10:24 IST" duration-ms="2649" status="PASS">
          <reporter-output>
          </reporter-output>
        </test-method> <!-- TC_CCP_61 -->
        <test-method is-config="true" signature="tearDown(org.testng.ITestResult)[pri:0, instance:TestCases.CCP@49438269]" started-at="2022-05-09T10:10:24 IST" name="tearDown" finished-at="2022-05-09T10:10:24 IST" duration-ms="1" status="PASS">
          <params>
            <param index="0">
              <value>
                <![CDATA[[TestResult name=TC_CCP_61 status=SUCCESS method=CCP.TC_CCP_61()[pri:62, instance:TestCases.CCP@49438269] output={null}]]]>
              </value>
            </param>
          </params>
          <reporter-output>
          </reporter-output>
        </test-method> <!-- tearDown -->
      </class> <!-- TestCases.CCP -->
      <class name="TestCases.PerformInspection">
        <test-method signature="PreRequisiteContacts()[pri:64, instance:TestCases.PerformInspection@1c1bbc4e]" started-at="2022-05-09T10:10:24 IST" name="PreRequisiteContacts" finished-at="2022-05-09T10:10:25 IST" duration-ms="1021" status="PASS">
          <reporter-output>
          </reporter-output>
        </test-method> <!-- PreRequisiteContacts -->
        <test-method is-config="true" signature="tearDown(org.testng.ITestResult)[pri:0, instance:TestCases.PerformInspection@1c1bbc4e]" started-at="2022-05-09T10:10:25 IST" name="tearDown" finished-at="2022-05-09T10:10:25 IST" duration-ms="0" status="PASS">
          <params>
            <param index="0">
              <value>
                <![CDATA[[TestResult name=PreRequisiteContacts status=SUCCESS method=PerformInspection.PreRequisiteContacts()[pri:64, instance:TestCases.PerformInspection@1c1bbc4e] output={null}]]]>
              </value>
            </param>
          </params>
          <reporter-output>
          </reporter-output>
        </test-method> <!-- tearDown -->
        <test-method signature="TC_PIP_01()[pri:65, instance:TestCases.PerformInspection@1c1bbc4e]" started-at="2022-05-09T10:10:25 IST" name="TC_PIP_01" finished-at="2022-05-09T10:10:27 IST" duration-ms="1694" status="PASS">
          <reporter-output>
          </reporter-output>
        </test-method> <!-- TC_PIP_01 -->
        <test-method is-config="true" signature="tearDown(org.testng.ITestResult)[pri:0, instance:TestCases.PerformInspection@1c1bbc4e]" started-at="2022-05-09T10:10:27 IST" name="tearDown" finished-at="2022-05-09T10:10:27 IST" duration-ms="0" status="PASS">
          <params>
            <param index="0">
              <value>
                <![CDATA[[TestResult name=TC_PIP_01 status=SUCCESS method=PerformInspection.TC_PIP_01()[pri:65, instance:TestCases.PerformInspection@1c1bbc4e] output={null}]]]>
              </value>
            </param>
          </params>
          <reporter-output>
          </reporter-output>
        </test-method> <!-- tearDown -->
        <test-method signature="TC_PIP_02()[pri:66, instance:TestCases.PerformInspection@1c1bbc4e]" started-at="2022-05-09T10:10:27 IST" name="TC_PIP_02" finished-at="2022-05-09T10:10:27 IST" duration-ms="134" status="PASS">
          <reporter-output>
          </reporter-output>
        </test-method> <!-- TC_PIP_02 -->
        <test-method is-config="true" signature="tearDown(org.testng.ITestResult)[pri:0, instance:TestCases.PerformInspection@1c1bbc4e]" started-at="2022-05-09T10:10:27 IST" name="tearDown" finished-at="2022-05-09T10:10:27 IST" duration-ms="1" status="PASS">
          <params>
            <param index="0">
              <value>
                <![CDATA[[TestResult name=TC_PIP_02 status=SUCCESS method=PerformInspection.TC_PIP_02()[pri:66, instance:TestCases.PerformInspection@1c1bbc4e] output={null}]]]>
              </value>
            </param>
          </params>
          <reporter-output>
          </reporter-output>
        </test-method> <!-- tearDown -->
        <test-method signature="TC_PIP_03()[pri:67, instance:TestCases.PerformInspection@1c1bbc4e]" started-at="2022-05-09T10:10:27 IST" name="TC_PIP_03" finished-at="2022-05-09T10:10:28 IST" duration-ms="1042" status="PASS">
          <reporter-output>
          </reporter-output>
        </test-method> <!-- TC_PIP_03 -->
        <test-method signature="TC_PIP_04()[pri:68, instance:TestCases.PerformInspection@1c1bbc4e]" started-at="2022-05-09T10:10:28 IST" name="TC_PIP_04" finished-at="2022-05-09T10:10:28 IST" duration-ms="192" status="PASS">
          <reporter-output>
          </reporter-output>
        </test-method> <!-- TC_PIP_04 -->
        <test-method is-config="true" signature="tearDown(org.testng.ITestResult)[pri:0, instance:TestCases.PerformInspection@1c1bbc4e]" started-at="2022-05-09T10:10:28 IST" name="tearDown" finished-at="2022-05-09T10:10:28 IST" duration-ms="0" status="PASS">
          <params>
            <param index="0">
              <value>
                <![CDATA[[TestResult name=TC_PIP_03 status=SUCCESS method=PerformInspection.TC_PIP_03()[pri:67, instance:TestCases.PerformInspection@1c1bbc4e] output={null}]]]>
              </value>
            </param>
          </params>
          <reporter-output>
          </reporter-output>
        </test-method> <!-- tearDown -->
        <test-method is-config="true" signature="tearDown(org.testng.ITestResult)[pri:0, instance:TestCases.PerformInspection@1c1bbc4e]" started-at="2022-05-09T10:10:28 IST" name="tearDown" finished-at="2022-05-09T10:10:28 IST" duration-ms="0" status="PASS">
          <params>
            <param index="0">
              <value>
                <![CDATA[[TestResult name=TC_PIP_04 status=SUCCESS method=PerformInspection.TC_PIP_04()[pri:68, instance:TestCases.PerformInspection@1c1bbc4e] output={null}]]]>
              </value>
            </param>
          </params>
          <reporter-output>
          </reporter-output>
        </test-method> <!-- tearDown -->
        <test-method signature="TC_PIP_05()[pri:69, instance:TestCases.PerformInspection@1c1bbc4e]" started-at="2022-05-09T10:10:28 IST" name="TC_PIP_05" finished-at="2022-05-09T10:10:28 IST" duration-ms="34" status="PASS">
          <reporter-output>
          </reporter-output>
        </test-method> <!-- TC_PIP_05 -->
        <test-method is-config="true" signature="tearDown(org.testng.ITestResult)[pri:0, instance:TestCases.PerformInspection@1c1bbc4e]" started-at="2022-05-09T10:10:28 IST" name="tearDown" finished-at="2022-05-09T10:10:28 IST" duration-ms="0" status="PASS">
          <params>
            <param index="0">
              <value>
                <![CDATA[[TestResult name=TC_PIP_05 status=SUCCESS method=PerformInspection.TC_PIP_05()[pri:69, instance:TestCases.PerformInspection@1c1bbc4e] output={null}]]]>
              </value>
            </param>
          </params>
          <reporter-output>
          </reporter-output>
        </test-method> <!-- tearDown -->
        <test-method signature="TC_PIP_06()[pri:70, instance:TestCases.PerformInspection@1c1bbc4e]" started-at="2022-05-09T10:10:28 IST" name="TC_PIP_06" finished-at="2022-05-09T10:10:28 IST" duration-ms="99" status="PASS">
          <reporter-output>
          </reporter-output>
        </test-method> <!-- TC_PIP_06 -->
        <test-method is-config="true" signature="tearDown(org.testng.ITestResult)[pri:0, instance:TestCases.PerformInspection@1c1bbc4e]" started-at="2022-05-09T10:10:28 IST" name="tearDown" finished-at="2022-05-09T10:10:28 IST" duration-ms="1" status="PASS">
          <params>
            <param index="0">
              <value>
                <![CDATA[[TestResult name=TC_PIP_06 status=SUCCESS method=PerformInspection.TC_PIP_06()[pri:70, instance:TestCases.PerformInspection@1c1bbc4e] output={null}]]]>
              </value>
            </param>
          </params>
          <reporter-output>
          </reporter-output>
        </test-method> <!-- tearDown -->
        <test-method signature="TC_PIP_07()[pri:71, instance:TestCases.PerformInspection@1c1bbc4e]" started-at="2022-05-09T10:10:28 IST" name="TC_PIP_07" finished-at="2022-05-09T10:10:29 IST" duration-ms="1185" status="PASS">
          <reporter-output>
          </reporter-output>
        </test-method> <!-- TC_PIP_07 -->
        <test-method is-config="true" signature="tearDown(org.testng.ITestResult)[pri:0, instance:TestCases.PerformInspection@1c1bbc4e]" started-at="2022-05-09T10:10:29 IST" name="tearDown" finished-at="2022-05-09T10:10:29 IST" duration-ms="0" status="PASS">
          <params>
            <param index="0">
              <value>
                <![CDATA[[TestResult name=TC_PIP_07 status=SUCCESS method=PerformInspection.TC_PIP_07()[pri:71, instance:TestCases.PerformInspection@1c1bbc4e] output={null}]]]>
              </value>
            </param>
          </params>
          <reporter-output>
          </reporter-output>
        </test-method> <!-- tearDown -->
        <test-method signature="TC_PIP_08()[pri:72, instance:TestCases.PerformInspection@1c1bbc4e]" started-at="2022-05-09T10:10:29 IST" name="TC_PIP_08" finished-at="2022-05-09T10:10:29 IST" duration-ms="116" status="PASS">
          <reporter-output>
          </reporter-output>
        </test-method> <!-- TC_PIP_08 -->
        <test-method signature="TC_PIP_09()[pri:73, instance:TestCases.PerformInspection@1c1bbc4e]" started-at="2022-05-09T10:10:29 IST" name="TC_PIP_09" finished-at="2022-05-09T10:10:30 IST" duration-ms="154" status="PASS">
          <reporter-output>
          </reporter-output>
        </test-method> <!-- TC_PIP_09 -->
        <test-method is-config="true" signature="tearDown(org.testng.ITestResult)[pri:0, instance:TestCases.PerformInspection@1c1bbc4e]" started-at="2022-05-09T10:10:29 IST" name="tearDown" finished-at="2022-05-09T10:10:29 IST" duration-ms="0" status="PASS">
          <params>
            <param index="0">
              <value>
                <![CDATA[[TestResult name=TC_PIP_08 status=SUCCESS method=PerformInspection.TC_PIP_08()[pri:72, instance:TestCases.PerformInspection@1c1bbc4e] output={null}]]]>
              </value>
            </param>
          </params>
          <reporter-output>
          </reporter-output>
        </test-method> <!-- tearDown -->
        <test-method is-config="true" signature="tearDown(org.testng.ITestResult)[pri:0, instance:TestCases.PerformInspection@1c1bbc4e]" started-at="2022-05-09T10:10:30 IST" name="tearDown" finished-at="2022-05-09T10:10:30 IST" duration-ms="1" status="PASS">
          <params>
            <param index="0">
              <value>
                <![CDATA[[TestResult name=TC_PIP_09 status=SUCCESS method=PerformInspection.TC_PIP_09()[pri:73, instance:TestCases.PerformInspection@1c1bbc4e] output={null}]]]>
              </value>
            </param>
          </params>
          <reporter-output>
          </reporter-output>
        </test-method> <!-- tearDown -->
        <test-method signature="TC_PIP_10()[pri:74, instance:TestCases.PerformInspection@1c1bbc4e]" started-at="2022-05-09T10:10:30 IST" name="TC_PIP_10" finished-at="2022-05-09T10:10:30 IST" duration-ms="106" status="PASS">
          <reporter-output>
          </reporter-output>
        </test-method> <!-- TC_PIP_10 -->
        <test-method is-config="true" signature="tearDown(org.testng.ITestResult)[pri:0, instance:TestCases.PerformInspection@1c1bbc4e]" started-at="2022-05-09T10:10:30 IST" name="tearDown" finished-at="2022-05-09T10:10:30 IST" duration-ms="1" status="PASS">
          <params>
            <param index="0">
              <value>
                <![CDATA[[TestResult name=TC_PIP_10 status=SUCCESS method=PerformInspection.TC_PIP_10()[pri:74, instance:TestCases.PerformInspection@1c1bbc4e] output={null}]]]>
              </value>
            </param>
          </params>
          <reporter-output>
          </reporter-output>
        </test-method> <!-- tearDown -->
        <test-method signature="TC_PIP_11()[pri:75, instance:TestCases.PerformInspection@1c1bbc4e]" started-at="2022-05-09T10:10:30 IST" name="TC_PIP_11" finished-at="2022-05-09T10:10:32 IST" duration-ms="2100" status="PASS">
          <reporter-output>
          </reporter-output>
        </test-method> <!-- TC_PIP_11 -->
        <test-method is-config="true" signature="tearDown(org.testng.ITestResult)[pri:0, instance:TestCases.PerformInspection@1c1bbc4e]" started-at="2022-05-09T10:10:32 IST" name="tearDown" finished-at="2022-05-09T10:10:32 IST" duration-ms="0" status="PASS">
          <params>
            <param index="0">
              <value>
                <![CDATA[[TestResult name=TC_PIP_11 status=SUCCESS method=PerformInspection.TC_PIP_11()[pri:75, instance:TestCases.PerformInspection@1c1bbc4e] output={null}]]]>
              </value>
            </param>
          </params>
          <reporter-output>
          </reporter-output>
        </test-method> <!-- tearDown -->
        <test-method signature="TC_PIP_12()[pri:76, instance:TestCases.PerformInspection@1c1bbc4e]" started-at="2022-05-09T10:10:32 IST" name="TC_PIP_12" finished-at="2022-05-09T10:10:33 IST" duration-ms="1107" status="PASS">
          <reporter-output>
          </reporter-output>
        </test-method> <!-- TC_PIP_12 -->
        <test-method is-config="true" signature="tearDown(org.testng.ITestResult)[pri:0, instance:TestCases.PerformInspection@1c1bbc4e]" started-at="2022-05-09T10:10:33 IST" name="tearDown" finished-at="2022-05-09T10:10:33 IST" duration-ms="1" status="PASS">
          <params>
            <param index="0">
              <value>
                <![CDATA[[TestResult name=TC_PIP_12 status=SUCCESS method=PerformInspection.TC_PIP_12()[pri:76, instance:TestCases.PerformInspection@1c1bbc4e] output={null}]]]>
              </value>
            </param>
          </params>
          <reporter-output>
          </reporter-output>
        </test-method> <!-- tearDown -->
        <test-method signature="TC_PIP_13()[pri:77, instance:TestCases.PerformInspection@1c1bbc4e]" started-at="2022-05-09T10:10:33 IST" name="TC_PIP_13" finished-at="2022-05-09T10:10:33 IST" duration-ms="311" status="PASS">
          <reporter-output>
          </reporter-output>
        </test-method> <!-- TC_PIP_13 -->
        <test-method is-config="true" signature="tearDown(org.testng.ITestResult)[pri:0, instance:TestCases.PerformInspection@1c1bbc4e]" started-at="2022-05-09T10:10:33 IST" name="tearDown" finished-at="2022-05-09T10:10:33 IST" duration-ms="0" status="PASS">
          <params>
            <param index="0">
              <value>
                <![CDATA[[TestResult name=TC_PIP_13 status=SUCCESS method=PerformInspection.TC_PIP_13()[pri:77, instance:TestCases.PerformInspection@1c1bbc4e] output={null}]]]>
              </value>
            </param>
          </params>
          <reporter-output>
          </reporter-output>
        </test-method> <!-- tearDown -->
        <test-method signature="TC_PIP_14()[pri:78, instance:TestCases.PerformInspection@1c1bbc4e]" started-at="2022-05-09T10:10:33 IST" name="TC_PIP_14" finished-at="2022-05-09T10:10:33 IST" duration-ms="26" status="PASS">
          <reporter-output>
          </reporter-output>
        </test-method> <!-- TC_PIP_14 -->
        <test-method signature="TC_PIP_15()[pri:79, instance:TestCases.PerformInspection@1c1bbc4e]" started-at="2022-05-09T10:10:33 IST" name="TC_PIP_15" finished-at="2022-05-09T10:10:33 IST" duration-ms="27" status="PASS">
          <reporter-output>
          </reporter-output>
        </test-method> <!-- TC_PIP_15 -->
        <test-method is-config="true" signature="tearDown(org.testng.ITestResult)[pri:0, instance:TestCases.PerformInspection@1c1bbc4e]" started-at="2022-05-09T10:10:33 IST" name="tearDown" finished-at="2022-05-09T10:10:33 IST" duration-ms="0" status="PASS">
          <params>
            <param index="0">
              <value>
[...]
          <reporter-output>
          </reporter-output>
        </test-method> <!-- TC_PIP_29 -->
        <test-method signature="TC_PIP_30()[pri:94, instance:TestCases.PerformInspection@1c1bbc4e]" started-at="2022-05-09T10:10:54 IST" name="TC_PIP_30" finished-at="2022-05-09T10:10:54 IST" duration-ms="290" status="PASS">
          <reporter-output>
          </reporter-output>
        </test-method> <!-- TC_PIP_30 -->
        <test-method is-config="true" signature="tearDown(org.testng.ITestResult)[pri:0, instance:TestCases.PerformInspection@1c1bbc4e]" started-at="2022-05-09T10:10:54 IST" name="tearDown" finished-at="2022-05-09T10:10:54 IST" duration-ms="0" status="PASS">
          <params>
            <param index="0">
              <value>
                <![CDATA[[TestResult name=TC_PIP_29 status=SUCCESS method=PerformInspection.TC_PIP_29()[pri:93, instance:TestCases.PerformInspection@1c1bbc4e] output={null}]]]>
              </value>
            </param>
          </params>
          <reporter-output>
          </reporter-output>
        </test-method> <!-- tearDown -->
        <test-method signature="TC_PIP_33()[pri:97, instance:TestCases.PerformInspection@1c1bbc4e]" started-at="2022-05-09T10:10:54 IST" name="TC_PIP_33" finished-at="2022-05-09T10:10:55 IST" duration-ms="221" status="PASS">
          <reporter-output>
          </reporter-output>
        </test-method> <!-- TC_PIP_33 -->
        <test-method is-config="true" signature="tearDown(org.testng.ITestResult)[pri:0, instance:TestCases.PerformInspection@1c1bbc4e]" started-at="2022-05-09T10:10:54 IST" name="tearDown" finished-at="2022-05-09T10:10:54 IST" duration-ms="0" status="PASS">
          <params>
            <param index="0">
              <value>
                <![CDATA[[TestResult name=TC_PIP_30 status=SUCCESS method=PerformInspection.TC_PIP_30()[pri:94, instance:TestCases.PerformInspection@1c1bbc4e] output={null}]]]>
              </value>
            </param>
          </params>
          <reporter-output>
          </reporter-output>
        </test-method> <!-- tearDown -->
        <test-method is-config="true" signature="tearDown(org.testng.ITestResult)[pri:0, instance:TestCases.PerformInspection@1c1bbc4e]" started-at="2022-05-09T10:10:55 IST" name="tearDown" finished-at="2022-05-09T10:10:55 IST" duration-ms="1" status="PASS">
          <params>
            <param index="0">
              <value>
                <![CDATA[[TestResult name=TC_PIP_33 status=SUCCESS method=PerformInspection.TC_PIP_33()[pri:97, instance:TestCases.PerformInspection@1c1bbc4e] output={null}]]]>
              </value>
            </param>
          </params>
          <reporter-output>
          </reporter-output>
        </test-method> <!-- tearDown -->
        <test-method signature="TC_PIP_34()[pri:98, instance:TestCases.PerformInspection@1c1bbc4e]" started-at="2022-05-09T10:10:55 IST" name="TC_PIP_34" finished-at="2022-05-09T10:10:55 IST" duration-ms="23" status="PASS">
          <reporter-output>
          </reporter-output>
        </test-method> <!-- TC_PIP_34 -->
        <test-method is-config="true" signature="tearDown(org.testng.ITestResult)[pri:0, instance:TestCases.PerformInspection@1c1bbc4e]" started-at="2022-05-09T10:10:55 IST" name="tearDown" finished-at="2022-05-09T10:10:55 IST" duration-ms="1" status="PASS">
          <params>
            <param index="0">
              <value>
                <![CDATA[[TestResult name=TC_PIP_34 status=SUCCESS method=PerformInspection.TC_PIP_34()[pri:98, instance:TestCases.PerformInspection@1c1bbc4e] output={null}]]]>
              </value>
            </param>
          </params>
          <reporter-output>
          </reporter-output>
        </test-method> <!-- tearDown -->
        <test-method signature="TC_PIP_35()[pri:99, instance:TestCases.PerformInspection@1c1bbc4e]" started-at="2022-05-09T10:10:55 IST" name="TC_PIP_35" finished-at="2022-05-09T10:10:55 IST" duration-ms="253" status="PASS">
          <reporter-output>
          </reporter-output>
        </test-method> <!-- TC_PIP_35 -->
        <test-method signature="TC_PIP_36()[pri:100, instance:TestCases.PerformInspection@1c1bbc4e]" started-at="2022-05-09T10:10:55 IST" name="TC_PIP_36" finished-at="2022-05-09T10:10:55 IST" duration-ms="129" status="PASS">
          <reporter-output>
          </reporter-output>
        </test-method> <!-- TC_PIP_36 -->
        <test-method is-config="true" signature="tearDown(org.testng.ITestResult)[pri:0, instance:TestCases.PerformInspection@1c1bbc4e]" started-at="2022-05-09T10:10:55 IST" name="tearDown" finished-at="2022-05-09T10:10:55 IST" duration-ms="0" status="PASS">
          <params>
            <param index="0">
              <value>
                <![CDATA[[TestResult name=TC_PIP_35 status=SUCCESS method=PerformInspection.TC_PIP_35()[pri:99, instance:TestCases.PerformInspection@1c1bbc4e] output={null}]]]>
              </value>
            </param>
          </params>
          <reporter-output>
          </reporter-output>
        </test-method> <!-- tearDown -->
        <test-method signature="TC_PIP_37()[pri:101, instance:TestCases.PerformInspection@1c1bbc4e]" started-at="2022-05-09T10:10:55 IST" name="TC_PIP_37" finished-at="2022-05-09T10:10:55 IST" duration-ms="29" status="PASS">
          <reporter-output>
          </reporter-output>
        </test-method> <!-- TC_PIP_37 -->
        <test-method is-config="true" signature="tearDown(org.testng.ITestResult)[pri:0, instance:TestCases.PerformInspection@1c1bbc4e]" started-at="2022-05-09T10:10:55 IST" name="tearDown" finished-at="2022-05-09T10:10:55 IST" duration-ms="0" status="PASS">
          <params>
            <param index="0">
              <value>
                <![CDATA[[TestResult name=TC_PIP_36 status=SUCCESS method=PerformInspection.TC_PIP_36()[pri:100, instance:TestCases.PerformInspection@1c1bbc4e] output={null}]]]>
              </value>
            </param>
          </params>
          <reporter-output>
          </reporter-output>
        </test-method> <!-- tearDown -->
        <test-method signature="TC_PIP_38()[pri:102, instance:TestCases.PerformInspection@1c1bbc4e]" started-at="2022-05-09T10:10:55 IST" name="TC_PIP_38" finished-at="2022-05-09T10:10:56 IST" duration-ms="705" status="PASS">
          <reporter-output>
          </reporter-output>
        </test-method> <!-- TC_PIP_38 -->
        <test-method is-config="true" signature="tearDown(org.testng.ITestResult)[pri:0, instance:TestCases.PerformInspection@1c1bbc4e]" started-at="2022-05-09T10:10:55 IST" name="tearDown" finished-at="2022-05-09T10:10:55 IST" duration-ms="0" status="PASS">
          <params>
            <param index="0">
              <value>
                <![CDATA[[TestResult name=TC_PIP_37 status=SUCCESS method=PerformInspection.TC_PIP_37()[pri:101, instance:TestCases.PerformInspection@1c1bbc4e] output={null}]]]>
              </value>
            </param>
          </params>
          <reporter-output>
          </reporter-output>
        </test-method> <!-- tearDown -->
        <test-method signature="TC_PIP_39()[pri:103, instance:TestCases.PerformInspection@1c1bbc4e]" started-at="2022-05-09T10:10:56 IST" name="TC_PIP_39" finished-at="2022-05-09T10:10:58 IST" duration-ms="2087" status="PASS">
          <reporter-output>
          </reporter-output>
        </test-method> <!-- TC_PIP_39 -->
        <test-method is-config="true" signature="tearDown(org.testng.ITestResult)[pri:0, instance:TestCases.PerformInspection@1c1bbc4e]" started-at="2022-05-09T10:10:56 IST" name="tearDown" finished-at="2022-05-09T10:10:56 IST" duration-ms="0" status="PASS">
          <params>
            <param index="0">
              <value>
                <![CDATA[[TestResult name=TC_PIP_38 status=SUCCESS method=PerformInspection.TC_PIP_38()[pri:102, instance:TestCases.PerformInspection@1c1bbc4e] output={null}]]]>
              </value>
            </param>
          </params>
          <reporter-output>
          </reporter-output>
        </test-method> <!-- tearDown -->
        <test-method is-config="true" signature="tearDown(org.testng.ITestResult)[pri:0, instance:TestCases.PerformInspection@1c1bbc4e]" started-at="2022-05-09T10:10:58 IST" name="tearDown" finished-at="2022-05-09T10:10:58 IST" duration-ms="0" status="PASS">
          <params>
            <param index="0">
              <value>
                <![CDATA[[TestResult name=TC_PIP_39 status=SUCCESS method=PerformInspection.TC_PIP_39()[pri:103, instance:TestCases.PerformInspection@1c1bbc4e] output={null}]]]>
              </value>
            </param>
          </params>
          <reporter-output>
          </reporter-output>
        </test-method> <!-- tearDown -->
        <test-method signature="TC_PIP_40()[pri:104, instance:TestCases.PerformInspection@1c1bbc4e]" started-at="2022-05-09T10:10:58 IST" name="TC_PIP_40" finished-at="2022-05-09T10:10:58 IST" duration-ms="26" status="PASS">
          <reporter-output>
          </reporter-output>
        </test-method> <!-- TC_PIP_40 -->
        <test-method is-config="true" signature="tearDown(org.testng.ITestResult)[pri:0, instance:TestCases.PerformInspection@1c1bbc4e]" started-at="2022-05-09T10:10:58 IST" name="tearDown" finished-at="2022-05-09T10:10:58 IST" duration-ms="0" status="PASS">
          <params>
            <param index="0">
              <value>
                <![CDATA[[TestResult name=TC_PIP_40 status=SUCCESS method=PerformInspection.TC_PIP_40()[pri:104, instance:TestCases.PerformInspection@1c1bbc4e] output={null}]]]>
              </value>
            </param>
          </params>
          <reporter-output>
          </reporter-output>
        </test-method> <!-- tearDown -->
        <test-method signature="TC_PIP_41()[pri:105, instance:TestCases.PerformInspection@1c1bbc4e]" started-at="2022-05-09T10:10:58 IST" name="TC_PIP_41" finished-at="2022-05-09T10:10:59 IST" duration-ms="651" status="PASS">
          <reporter-output>
          </reporter-output>
        </test-method> <!-- TC_PIP_41 -->
        <test-method is-config="true" signature="tearDown(org.testng.ITestResult)[pri:0, instance:TestCases.PerformInspection@1c1bbc4e]" started-at="2022-05-09T10:10:59 IST" name="tearDown" finished-at="2022-05-09T10:10:59 IST" duration-ms="0" status="PASS">
          <params>
            <param index="0">
              <value>
                <![CDATA[[TestResult name=TC_PIP_41 status=SUCCESS method=PerformInspection.TC_PIP_41()[pri:105, instance:TestCases.PerformInspection@1c1bbc4e] output={null}]]]>
              </value>
            </param>
          </params>
          <reporter-output>
          </reporter-output>
        </test-method> <!-- tearDown -->
        <test-method signature="TC_PIP_42()[pri:106, instance:TestCases.PerformInspection@1c1bbc4e]" started-at="2022-05-09T10:10:59 IST" name="TC_PIP_42" finished-at="2022-05-09T10:11:01 IST" duration-ms="2104" status="PASS">
          <reporter-output>
          </reporter-output>
        </test-method> <!-- TC_PIP_42 -->
        <test-method is-config="true" signature="tearDown(org.testng.ITestResult)[pri:0, instance:TestCases.PerformInspection@1c1bbc4e]" started-at="2022-05-09T10:11:01 IST" name="tearDown" finished-at="2022-05-09T10:11:01 IST" duration-ms="0" status="PASS">
          <params>
            <param index="0">
              <value>
                <![CDATA[[TestResult name=TC_PIP_42 status=SUCCESS method=PerformInspection.TC_PIP_42()[pri:106, instance:TestCases.PerformInspection@1c1bbc4e] output={null}]]]>
              </value>
            </param>
          </params>
          <reporter-output>
          </reporter-output>
        </test-method> <!-- tearDown -->
        <test-method signature="TC_PIP_43()[pri:107, instance:TestCases.PerformInspection@1c1bbc4e]" started-at="2022-05-09T10:11:01 IST" name="TC_PIP_43" finished-at="2022-05-09T10:11:02 IST" duration-ms="1175" status="PASS">
          <reporter-output>
          </reporter-output>
        </test-method> <!-- TC_PIP_43 -->
        <test-method is-config="true" signature="tearDown(org.testng.ITestResult)[pri:0, instance:TestCases.PerformInspection@1c1bbc4e]" started-at="2022-05-09T10:11:02 IST" name="tearDown" finished-at="2022-05-09T10:11:02 IST" duration-ms="0" status="PASS">
          <params>
            <param index="0">
              <value>
                <![CDATA[[TestResult name=TC_PIP_43 status=SUCCESS method=PerformInspection.TC_PIP_43()[pri:107, instance:TestCases.PerformInspection@1c1bbc4e] output={null}]]]>
              </value>
            </param>
          </params>
          <reporter-output>
          </reporter-output>
        </test-method> <!-- tearDown -->
        <test-method signature="TC_PIP_44()[pri:108, instance:TestCases.PerformInspection@1c1bbc4e]" started-at="2022-05-09T10:11:02 IST" name="TC_PIP_44" finished-at="2022-05-09T10:11:05 IST" duration-ms="3096" status="PASS">
          <reporter-output>
          </reporter-output>
        </test-method> <!-- TC_PIP_44 -->
        <test-method is-config="true" signature="tearDown(org.testng.ITestResult)[pri:0, instance:TestCases.PerformInspection@1c1bbc4e]" started-at="2022-05-09T10:11:05 IST" name="tearDown" finished-at="2022-05-09T10:11:05 IST" duration-ms="1" status="PASS">
          <params>
            <param index="0">
              <value>
                <![CDATA[[TestResult name=TC_PIP_44 status=SUCCESS method=PerformInspection.TC_PIP_44()[pri:108, instance:TestCases.PerformInspection@1c1bbc4e] output={null}]]]>
              </value>
            </param>
          </params>
          <reporter-output>
          </reporter-output>
        </test-method> <!-- tearDown -->
        <test-method signature="TC_PIP_45()[pri:109, instance:TestCases.PerformInspection@1c1bbc4e]" started-at="2022-05-09T10:11:05 IST" name="TC_PIP_45" finished-at="2022-05-09T10:11:09 IST" duration-ms="4375" status="PASS">
          <reporter-output>
          </reporter-output>
        </test-method> <!-- TC_PIP_45 -->
        <test-method is-config="true" signature="tearDown(org.testng.ITestResult)[pri:0, instance:TestCases.PerformInspection@1c1bbc4e]" started-at="2022-05-09T10:11:09 IST" name="tearDown" finished-at="2022-05-09T10:11:09 IST" duration-ms="1" status="PASS">
          <params>
            <param index="0">
              <value>
                <![CDATA[[TestResult name=TC_PIP_45 status=SUCCESS method=PerformInspection.TC_PIP_45()[pri:109, instance:TestCases.PerformInspection@1c1bbc4e] output={null}]]]>
              </value>
            </param>
          </params>
          <reporter-output>
          </reporter-output>
        </test-method> <!-- tearDown -->
        <test-method signature="TC_PIP_46()[pri:110, instance:TestCases.PerformInspection@1c1bbc4e]" started-at="2022-05-09T10:11:09 IST" name="TC_PIP_46" finished-at="2022-05-09T10:11:09 IST" duration-ms="23" status="PASS">
          <reporter-output>
          </reporter-output>
        </test-method> <!-- TC_PIP_46 -->
        <test-method is-config="true" signature="tearDown(org.testng.ITestResult)[pri:0, instance:TestCases.PerformInspection@1c1bbc4e]" started-at="2022-05-09T10:11:09 IST" name="tearDown" finished-at="2022-05-09T10:11:09 IST" duration-ms="0" status="PASS">
          <params>
            <param index="0">
              <value>
                <![CDATA[[TestResult name=TC_PIP_46 status=SUCCESS method=PerformInspection.TC_PIP_46()[pri:110, instance:TestCases.PerformInspection@1c1bbc4e] output={null}]]]>
              </value>
            </param>
          </params>
          <reporter-output>
          </reporter-output>
        </test-method> <!-- tearDown -->
        <test-method signature="TC_PIP_47()[pri:111, instance:TestCases.PerformInspection@1c1bbc4e]" started-at="2022-05-09T10:11:09 IST" name="TC_PIP_47" finished-at="2022-05-09T10:11:09 IST" duration-ms="101" status="PASS">
          <reporter-output>
          </reporter-output>
        </test-method> <!-- TC_PIP_47 -->
        <test-method is-config="true" signature="tearDown(org.testng.ITestResult)[pri:0, instance:TestCases.PerformInspection@1c1bbc4e]" started-at="2022-05-09T10:11:09 IST" name="tearDown" finished-at="2022-05-09T10:11:09 IST" duration-ms="1" status="PASS">
          <params>
            <param index="0">
              <value>
                <![CDATA[[TestResult name=TC_PIP_47 status=SUCCESS method=PerformInspection.TC_PIP_47()[pri:111, instance:TestCases.PerformInspection@1c1bbc4e] output={null}]]]>
              </value>
            </param>
          </params>
          <reporter-output>
          </reporter-output>
        </test-method> <!-- tearDown -->
        <test-method signature="TC_PIP_48()[pri:112, instance:TestCases.PerformInspection@1c1bbc4e]" started-at="2022-05-09T10:11:09 IST" name="TC_PIP_48" finished-at="2022-05-09T10:11:10 IST" duration-ms="140" status="PASS">
          <reporter-output>
          </reporter-output>
        </test-method> <!-- TC_PIP_48 -->
        <test-method is-config="true" signature="tearDown(org.testng.ITestResult)[pri:0, instance:TestCases.PerformInspection@1c1bbc4e]" started-at="2022-05-09T10:11:10 IST" name="tearDown" finished-at="2022-05-09T10:11:10 IST" duration-ms="0" status="PASS">
          <params>
            <param index="0">
              <value>
                <![CDATA[[TestResult name=TC_PIP_48 status=SUCCESS method=PerformInspection.TC_PIP_48()[pri:112, instance:TestCases.PerformInspection@1c1bbc4e] output={null}]]]>
              </value>
            </param>
          </params>
          <reporter-output>
          </reporter-output>
        </test-method> <!-- tearDown -->
        <test-method signature="TC_PIP_49()[pri:113, instance:TestCases.PerformInspection@1c1bbc4e]" started-at="2022-05-09T10:11:10 IST" name="TC_PIP_49" finished-at="2022-05-09T10:11:12 IST" duration-ms="2081" status="PASS">
          <reporter-output>
          </reporter-output>
        </test-method> <!-- TC_PIP_49 -->
        <test-method is-config="true" signature="tearDown(org.testng.ITestResult)[pri:0, instance:TestCases.PerformInspection@1c1bbc4e]" started-at="2022-05-09T10:11:12 IST" name="tearDown" finished-at="2022-05-09T10:11:12 IST" duration-ms="0" status="PASS">
          <params>
            <param index="0">
              <value>
                <![CDATA[[TestResult name=TC_PIP_49 status=SUCCESS method=PerformInspection.TC_PIP_49()[pri:113, instance:TestCases.PerformInspection@1c1bbc4e] output={null}]]]>
              </value>
            </param>
          </params>
          <reporter-output>
          </reporter-output>
        </test-method> <!-- tearDown -->
        <test-method signature="TC_PIP_50()[pri:114, instance:TestCases.PerformInspection@1c1bbc4e]" started-at="2022-05-09T10:11:12 IST" name="TC_PIP_50" finished-at="2022-05-09T10:11:14 IST" duration-ms="2187" status="PASS">
          <reporter-output>
          </reporter-output>
        </test-method> <!-- TC_PIP_50 -->
        <test-method is-config="true" signature="tearDown(org.testng.ITestResult)[pri:0, instance:TestCases.PerformInspection@1c1bbc4e]" started-at="2022-05-09T10:11:14 IST" name="tearDown" finished-at="2022-05-09T10:11:14 IST" duration-ms="0" status="PASS">
          <params>
            <param index="0">
              <value>
                <![CDATA[[TestResult name=TC_PIP_50 status=SUCCESS method=PerformInspection.TC_PIP_50()[pri:114, instance:TestCases.PerformInspection@1c1bbc4e] output={null}]]]>
              </value>
            </param>
          </params>
          <reporter-output>
          </reporter-output>
        </test-method> <!-- tearDown -->
      </class> <!-- TestCases.PerformInspection -->
    </test> <!-- Test -->
  </suite> <!-- Suite -->
</testng-results>
